[  0%] Built target visualization_msgs_generate_messages_nodejs
[  0%] Built target _dynamic_introspection_generate_messages_check_deps_IntrospectionMsg
[  0%] Built target _dynamic_introspection_generate_messages_check_deps_DoubleParameter
[  0%] Built target _dynamic_introspection_generate_messages_check_deps_IntParameter
[  0%] Built target _dynamic_introspection_generate_messages_check_deps_BoolParameter
[  0%] Built target visualization_msgs_generate_messages_py
[  0%] Built target visualization_msgs_generate_messages_eus
[  0%] Built target _dynamic_introspection_generate_messages_check_deps_MarkerParameter
[  0%] Built target visualization_msgs_generate_messages_cpp
[  0%] Built target geometry_msgs_generate_messages_py
[  0%] Built target geometry_msgs_generate_messages_nodejs
[  0%] Built target geometry_msgs_generate_messages_lisp
[  0%] Built target geometry_msgs_generate_messages_cpp
[  0%] Built target std_msgs_generate_messages_nodejs
[ 16%] Built target dynamic_introspection_generate_messages_nodejs
[ 16%] Built target visualization_msgs_generate_messages_lisp
[ 16%] Built target pal_statistics_msgs_generate_messages_py
[ 16%] Built target rosgraph_msgs_generate_messages_py
[ 16%] Built target rosgraph_msgs_generate_messages_nodejs
[ 16%] Built target std_msgs_generate_messages_eus
[ 16%] Built target std_srvs_generate_messages_cpp
[ 16%] Built target rosgraph_msgs_generate_messages_lisp
[ 16%] Built target std_msgs_generate_messages_lisp
[ 16%] Built target pal_statistics_msgs_generate_messages_cpp
[ 16%] Built target roscpp_generate_messages_py
[ 16%] Built target roscpp_generate_messages_cpp
[ 16%] Built target roscpp_generate_messages_lisp
[ 16%] Built target geometry_msgs_generate_messages_eus
[ 16%] Built target roscpp_generate_messages_eus
[ 16%] Built target roscpp_generate_messages_nodejs
[ 16%] Built target std_msgs_generate_messages_py
[ 16%] Built target std_srvs_generate_messages_eus
[ 16%] Built target std_srvs_generate_messages_nodejs
[ 16%] Built target std_srvs_generate_messages_py
[ 16%] Built target pal_statistics_msgs_generate_messages_lisp
[ 16%] Built target rosgraph_msgs_generate_messages_cpp
[ 16%] Built target topic_tools_generate_messages_cpp
[ 16%] Built target topic_tools_generate_messages_eus
[ 16%] Built target std_srvs_generate_messages_lisp
[ 16%] Built target topic_tools_generate_messages_lisp
[ 16%] Built target topic_tools_generate_messages_py
[ 16%] Built target rosgraph_msgs_generate_messages_eus
[ 16%] Built target topic_tools_generate_messages_nodejs
[ 16%] Built target pal_statistics_msgs_generate_messages_eus
[ 16%] Built target pal_statistics_msgs_generate_messages_nodejs
[ 36%] Built target dynamic_introspection_generate_messages_py
[ 56%] Built target dynamic_introspection_generate_messages_eus
[ 56%] Built target std_msgs_generate_messages_cpp
[ 73%] Built target dynamic_introspection_generate_messages_cpp
[ 90%] Built target dynamic_introspection_generate_messages_lisp
[ 90%] Built target dynamic_introspection_generate_messages
[100%] Built target dynamic_introspection
