[35m[1mScanning dependencies of target gazebo_world_odometry[0m
[35m[1mScanning dependencies of target gazebo_harness[0m
[  7%] [32mBuilding CXX object CMakeFiles/gazebo_harness.dir/src/gazebo_harness.cpp.o[0m
[ 14%] [32mBuilding CXX object CMakeFiles/gazebo_world_odometry.dir/src/gazebo_world_odometry.cpp.o[0m
[35m[1mScanning dependencies of target gazebo_pal_hand[0m
[ 21%] [32mBuilding CXX object CMakeFiles/gazebo_pal_hand.dir/src/gazebo_pal_hand.cpp.o[0m
[35m[1mScanning dependencies of target pal_multirobot_msgs_generate_messages_cpp[0m
[ 21%] Built target pal_multirobot_msgs_generate_messages_cpp
[35m[1mScanning dependencies of target gazebo_ros_forcetorque[0m
[ 28%] [32mBuilding CXX object CMakeFiles/gazebo_ros_forcetorque.dir/src/gazebo_ros_forcetorque.cpp.o[0m
[35m[1mScanning dependencies of target gazebo_underactuated_finger[0m
[ 35%] [32mBuilding CXX object CMakeFiles/gazebo_underactuated_finger.dir/src/gazebo_underactuated_finger.cpp.o[0m
[35m[1mScanning dependencies of target gazebo_attachment[0m
[ 42%] [32mBuilding CXX object CMakeFiles/gazebo_attachment.dir/src/gazebo_attachment.cpp.o[0m
[ 50%] [32m[1mLinking CXX shared library /home/lewis/tiago_openday_ws/devel/.private/pal_gazebo_plugins/lib/libgazebo_harness.so[0m
[ 57%] [32m[1mLinking CXX shared library /home/lewis/tiago_openday_ws/devel/.private/pal_gazebo_plugins/lib/libgazebo_world_odometry.so[0m
[ 57%] Built target gazebo_harness
[35m[1mScanning dependencies of target gazebo_wifi_ap[0m
[ 64%] [32mBuilding CXX object CMakeFiles/gazebo_wifi_ap.dir/src/gazebo_wifi_ap.cpp.o[0m
[ 64%] Built target gazebo_world_odometry
[ 71%] [32m[1mLinking CXX shared library /home/lewis/tiago_openday_ws/devel/.private/pal_gazebo_plugins/lib/libgazebo_pal_hand.so[0m
[ 78%] [32m[1mLinking CXX shared library /home/lewis/tiago_openday_ws/devel/.private/pal_gazebo_plugins/lib/libgazebo_ros_forcetorque.so[0m
[ 78%] Built target gazebo_pal_hand
[ 78%] Built target gazebo_ros_forcetorque
[ 85%] [32m[1mLinking CXX shared library /home/lewis/tiago_openday_ws/devel/.private/pal_gazebo_plugins/lib/libgazebo_underactuated_finger.so[0m
[ 92%] [32m[1mLinking CXX shared library /home/lewis/tiago_openday_ws/devel/.private/pal_gazebo_plugins/lib/libgazebo_attachment.so[0m
[ 92%] Built target gazebo_underactuated_finger
[ 92%] Built target gazebo_attachment
[100%] [32m[1mLinking CXX shared library /home/lewis/tiago_openday_ws/devel/.private/pal_gazebo_plugins/lib/libgazebo_wifi_ap.so[0m
[100%] Built target gazebo_wifi_ap
