Determining if the pthread_create exist failed with the following output:
Change Dir: /home/lewis/tiago_openday_ws/build/people_msgs/CMakeFiles/CMakeTmp

Run Build Command:"/usr/bin/make" "cmTC_ea7c3/fast"
/usr/bin/make -f CMakeFiles/cmTC_ea7c3.dir/build.make CMakeFiles/cmTC_ea7c3.dir/build
make[1]: Entering directory '/home/lewis/tiago_openday_ws/build/people_msgs/CMakeFiles/CMakeTmp'
Building C object CMakeFiles/cmTC_ea7c3.dir/CheckSymbolExists.c.o
/usr/bin/cc    -o CMakeFiles/cmTC_ea7c3.dir/CheckSymbolExists.c.o   -c /home/lewis/tiago_openday_ws/build/people_msgs/CMakeFiles/CMakeTmp/CheckSymbolExists.c
Linking C executable cmTC_ea7c3
/usr/bin/cmake -E cmake_link_script CMakeFiles/cmTC_ea7c3.dir/link.txt --verbose=1
/usr/bin/cc      -rdynamic CMakeFiles/cmTC_ea7c3.dir/CheckSymbolExists.c.o  -o cmTC_ea7c3 
CMakeFiles/cmTC_ea7c3.dir/CheckSymbolExists.c.o: In function `main':
CheckSymbolExists.c:(.text+0x1b): undefined reference to `pthread_create'
collect2: error: ld returned 1 exit status
CMakeFiles/cmTC_ea7c3.dir/build.make:97: recipe for target 'cmTC_ea7c3' failed
make[1]: *** [cmTC_ea7c3] Error 1
make[1]: Leaving directory '/home/lewis/tiago_openday_ws/build/people_msgs/CMakeFiles/CMakeTmp'
Makefile:126: recipe for target 'cmTC_ea7c3/fast' failed
make: *** [cmTC_ea7c3/fast] Error 2

File /home/lewis/tiago_openday_ws/build/people_msgs/CMakeFiles/CMakeTmp/CheckSymbolExists.c:
/* */
#include <pthread.h>

int main(int argc, char** argv)
{
  (void)argv;
#ifndef pthread_create
  return ((int*)(&pthread_create))[argc];
#else
  (void)argc;
  return 0;
#endif
}

Determining if the function pthread_create exists in the pthreads failed with the following output:
Change Dir: /home/lewis/tiago_openday_ws/build/people_msgs/CMakeFiles/CMakeTmp

Run Build Command:"/usr/bin/make" "cmTC_a2cde/fast"
/usr/bin/make -f CMakeFiles/cmTC_a2cde.dir/build.make CMakeFiles/cmTC_a2cde.dir/build
make[1]: Entering directory '/home/lewis/tiago_openday_ws/build/people_msgs/CMakeFiles/CMakeTmp'
Building C object CMakeFiles/cmTC_a2cde.dir/CheckFunctionExists.c.o
/usr/bin/cc   -DCHECK_FUNCTION_EXISTS=pthread_create   -o CMakeFiles/cmTC_a2cde.dir/CheckFunctionExists.c.o   -c /usr/share/cmake-3.10/Modules/CheckFunctionExists.c
Linking C executable cmTC_a2cde
/usr/bin/cmake -E cmake_link_script CMakeFiles/cmTC_a2cde.dir/link.txt --verbose=1
/usr/bin/cc  -DCHECK_FUNCTION_EXISTS=pthread_create    -rdynamic CMakeFiles/cmTC_a2cde.dir/CheckFunctionExists.c.o  -o cmTC_a2cde -lpthreads 
/usr/bin/ld: cannot find -lpthreads
collect2: error: ld returned 1 exit status
CMakeFiles/cmTC_a2cde.dir/build.make:97: recipe for target 'cmTC_a2cde' failed
make[1]: *** [cmTC_a2cde] Error 1
make[1]: Leaving directory '/home/lewis/tiago_openday_ws/build/people_msgs/CMakeFiles/CMakeTmp'
Makefile:126: recipe for target 'cmTC_a2cde/fast' failed
make: *** [cmTC_a2cde/fast] Error 2


