Not searching for unused variables given on the command line.
[36m--[0m Using CATKIN_DEVEL_PREFIX: /home/lewis/tiago_openday_ws/devel/.private/tiago_opencv_tutorial
[36m--[0m Using CMAKE_PREFIX_PATH: /home/lewis/tiago_openday_ws/devel;/opt/ros/melodic
[36m--[0m This workspace overlays: /home/lewis/tiago_openday_ws/devel;/opt/ros/melodic
[36m--[0m Using PYTHON_EXECUTABLE: /usr/bin/python2
[36m--[0m Using Debian Python package layout
[36m--[0m Using empy: /usr/bin/empy
[36m--[0m Using CATKIN_ENABLE_TESTING: 0
[36m--[0m catkin 0.7.20
[36m--[0m BUILD_SHARED_LIBS is on
[36m--[0m Using these message generators: gencpp;geneus;genlisp;gennodejs;genpy
[36m--[0m Could NOT find OpenCV (missing: opencv_xfeatures2d) (found version "3.2.0")
[33m[1mCMake Warning[0m at /home/lewis/tiago_openday_ws/src/tiago_tutorials/tiago_opencv_tutorial/CMakeLists.txt:14 (find_package):
  Found package configuration file:

    /usr/share/OpenCV/OpenCVConfig.cmake

  but it set OpenCV_FOUND to FALSE so package "OpenCV" is considered to be
  NOT FOUND.


[36m--[0m tiago_opencv_tutorial: 1 messages, 0 services
[33m[1mCMake Warning[0m at /opt/ros/melodic/share/catkin/cmake/catkin_package.cmake:166 (message):
  catkin_package() DEPENDS on 'system_lib' but neither
  'system_lib_INCLUDE_DIRS' nor 'system_lib_LIBRARIES' is defined.
[36mCall Stack (most recent call first):[0m
  /opt/ros/melodic/share/catkin/cmake/catkin_package.cmake:102 (_catkin_package)
  CMakeLists.txt:33 (catkin_package)


[36m--[0m Configuring done
[36m--[0m Generating done
[36m--[0m Build files have been written to: /home/lewis/tiago_openday_ws/build/tiago_opencv_tutorial
