[  0%] Built target std_msgs_generate_messages_lisp
[  0%] Built target _mode_state_controller_generate_messages_check_deps_ModeState
[  0%] Built target std_msgs_generate_messages_py
[  0%] Built target std_msgs_generate_messages_nodejs
[  0%] Built target std_msgs_generate_messages_cpp
[  0%] Built target rosgraph_msgs_generate_messages_py
[  0%] Built target rosgraph_msgs_generate_messages_nodejs
[  0%] Built target std_msgs_generate_messages_eus
[  0%] Built target rosgraph_msgs_generate_messages_eus
[  0%] Built target sensor_msgs_generate_messages_eus
[ 22%] Built target mode_state_controller_generate_messages_eus
[ 22%] Built target rosgraph_msgs_generate_messages_cpp
[ 22%] Built target roscpp_generate_messages_py
[ 22%] Built target roscpp_generate_messages_lisp
[ 22%] Built target geometry_msgs_generate_messages_nodejs
[ 22%] Built target geometry_msgs_generate_messages_eus
[ 22%] Built target roscpp_generate_messages_eus
[ 22%] Built target roscpp_generate_messages_nodejs
[ 22%] Built target sensor_msgs_generate_messages_lisp
[ 22%] Built target roscpp_generate_messages_cpp
[ 22%] Built target sensor_msgs_generate_messages_nodejs
[ 22%] Built target sensor_msgs_generate_messages_py
[ 22%] Built target geometry_msgs_generate_messages_cpp
[ 22%] Built target geometry_msgs_generate_messages_lisp
[ 33%] Built target mode_state_controller_generate_messages_cpp
[ 33%] Built target geometry_msgs_generate_messages_py
[ 33%] Built target rosgraph_msgs_generate_messages_lisp
[ 44%] Built target mode_state_controller_generate_messages_nodejs
[ 44%] Built target sensor_msgs_generate_messages_cpp
[ 55%] Built target mode_state_controller_generate_messages_lisp
[ 77%] Built target mode_state_controller_generate_messages_py
[ 77%] Built target mode_state_controller_generate_messages
[100%] Built target mode_state_controller
