[  0%] Built target rosgraph_msgs_generate_messages_lisp
[  0%] Built target rosgraph_msgs_generate_messages_py
[  0%] Built target std_msgs_generate_messages_cpp
[  0%] Built target std_msgs_generate_messages_py
[  0%] Built target rosgraph_msgs_generate_messages_nodejs
[  0%] Built target std_msgs_generate_messages_nodejs
[  0%] Built target std_msgs_generate_messages_lisp
[  0%] Built target std_msgs_generate_messages_eus
[  0%] Built target rosgraph_msgs_generate_messages_eus
[  0%] Built target _temperature_sensor_controller_generate_messages_check_deps_ActuatorTemperatureState
[  0%] Built target sensor_msgs_generate_messages_eus
[  0%] Built target rosgraph_msgs_generate_messages_cpp
[  0%] Built target sensor_msgs_generate_messages_cpp
[  0%] Built target roscpp_generate_messages_lisp
[  0%] Built target geometry_msgs_generate_messages_nodejs
[  0%] Built target roscpp_generate_messages_nodejs
[  0%] Built target geometry_msgs_generate_messages_eus
[  0%] Built target roscpp_generate_messages_eus
[  0%] Built target sensor_msgs_generate_messages_lisp
[  0%] Built target roscpp_generate_messages_py
[  0%] Built target sensor_msgs_generate_messages_nodejs
[  0%] Built target roscpp_generate_messages_cpp
[  0%] Built target sensor_msgs_generate_messages_py
[  0%] Built target geometry_msgs_generate_messages_cpp
[ 11%] Built target temperature_sensor_controller_generate_messages_nodejs
[ 11%] Built target geometry_msgs_generate_messages_lisp
[ 22%] Built target geometry_msgs_generate_messages_py
[ 33%] Built target temperature_sensor_controller_generate_messages_eus
[ 44%] Built target temperature_sensor_controller_generate_messages_cpp
[ 77%] Built target temperature_sensor_controller_generate_messages_lisp
[ 77%] Built target temperature_sensor_controller_generate_messages_py
[100%] Built target temperature_sensor_controller
[100%] Built target temperature_sensor_controller_generate_messages
