[  0%] Built target std_msgs_generate_messages_cpp
[  0%] Built target tf2_msgs_generate_messages_lisp
[  9%] Built target tiago_pcl_tutorial_gencfg
[  9%] Built target std_msgs_generate_messages_nodejs
[  9%] Built target std_msgs_generate_messages_lisp
[  9%] Built target std_msgs_generate_messages_eus
[  9%] Built target dynamic_reconfigure_generate_messages_lisp
[  9%] Built target tf2_msgs_generate_messages_nodejs
[ 18%] Built target tiago_pcl_tutorial
[ 18%] Built target _tiago_pcl_tutorial_generate_messages_check_deps_PlaneCoefficients
[ 18%] Built target pcl_msgs_generate_messages_cpp
[ 18%] Built target rosgraph_msgs_generate_messages_lisp
[ 18%] Built target topic_tools_generate_messages_cpp
[ 18%] Built target rosgraph_msgs_generate_messages_cpp
[ 18%] Built target geometry_msgs_generate_messages_eus
[ 18%] Built target rosgraph_msgs_generate_messages_eus
[ 18%] Built target std_msgs_generate_messages_py
[ 18%] Built target roscpp_generate_messages_cpp
[ 18%] Built target actionlib_generate_messages_cpp
[ 18%] Built target sensor_msgs_generate_messages_nodejs
[ 18%] Built target dynamic_reconfigure_generate_messages_eus
[ 18%] Built target rosgraph_msgs_generate_messages_nodejs
[ 18%] Built target roscpp_generate_messages_py
[ 18%] Built target topic_tools_generate_messages_eus
[ 18%] Built target geometry_msgs_generate_messages_py
[ 18%] Built target bond_generate_messages_lisp
[ 18%] Built target pcl_msgs_generate_messages_eus
[ 18%] Built target pcl_msgs_generate_messages_nodejs
[ 18%] Built target nodelet_generate_messages_nodejs
[ 18%] Built target sensor_msgs_generate_messages_lisp
[ 18%] Built target std_srvs_generate_messages_eus
[ 18%] Built target bond_generate_messages_eus
[ 18%] Built target nodelet_generate_messages_py
[ 18%] Built target sensor_msgs_generate_messages_py
[ 18%] Built target roscpp_generate_messages_lisp
[ 18%] Built target geometry_msgs_generate_messages_nodejs
[ 18%] Built target dynamic_reconfigure_generate_messages_cpp
[ 18%] Built target tf_generate_messages_py
[ 18%] Built target geometry_msgs_generate_messages_lisp
[ 18%] Built target sensor_msgs_generate_messages_eus
[ 18%] Built target sensor_msgs_generate_messages_cpp
[ 18%] Built target roscpp_generate_messages_nodejs
[ 18%] Built target actionlib_generate_messages_py
[ 18%] Built target topic_tools_generate_messages_nodejs
[ 18%] Built target tf2_msgs_generate_messages_py
[ 18%] Built target pcl_ros_gencfg
[ 18%] Built target dynamic_reconfigure_generate_messages_py
[ 18%] Built target dynamic_reconfigure_generate_messages_nodejs
[ 18%] Built target nodelet_generate_messages_cpp
[ 18%] Built target bond_generate_messages_py
[ 18%] Built target std_srvs_generate_messages_nodejs
[ 18%] Built target nodelet_generate_messages_eus
[ 18%] Built target actionlib_generate_messages_lisp
[ 18%] Built target geometry_msgs_generate_messages_cpp
[ 18%] Built target roscpp_generate_messages_eus
[ 18%] Built target nodelet_generate_messages_lisp
[ 18%] Built target rosgraph_msgs_generate_messages_py
[ 18%] Built target bond_generate_messages_cpp
[ 18%] Built target std_srvs_generate_messages_cpp
[ 18%] Built target topic_tools_generate_messages_lisp
[ 18%] Built target std_srvs_generate_messages_lisp
[ 18%] Built target actionlib_msgs_generate_messages_eus
[ 18%] Built target tf_generate_messages_eus
[ 18%] Built target bond_generate_messages_nodejs
[ 18%] Built target tf_generate_messages_nodejs
[ 18%] Built target actionlib_msgs_generate_messages_cpp
[ 18%] Built target pcl_msgs_generate_messages_py
[ 18%] Built target tf_generate_messages_lisp
[ 18%] Built target std_srvs_generate_messages_py
[ 18%] Built target tf_generate_messages_cpp
[ 18%] Built target actionlib_generate_messages_eus
[ 18%] Built target actionlib_generate_messages_nodejs
[ 18%] Built target topic_tools_generate_messages_py
[ 18%] Built target nodelet_topic_tools_gencfg
[ 18%] Built target actionlib_msgs_generate_messages_py
[ 18%] Built target actionlib_msgs_generate_messages_lisp
[ 18%] Built target pcl_msgs_generate_messages_lisp
[ 18%] Built target tf2_msgs_generate_messages_eus
[ 18%] Built target actionlib_msgs_generate_messages_nodejs
[ 18%] Built target tf2_msgs_generate_messages_cpp
[ 18%] Built target dynamic_reconfigure_gencfg
[ 22%] Built target tiago_pcl_tutorial_generate_messages_cpp
[ 27%] Built target tiago_pcl_tutorial_generate_messages_lisp
[ 36%] Built target segment_table
[ 40%] Built target tiago_pcl_tutorial_generate_messages_nodejs
[ 50%] Built target tiago_pcl_tutorial_generate_messages_py
[ 59%] Built target tiago_pcl_tutorial_generate_messages_eus
[ 81%] Built target cylinder_detector
[ 81%] Built target tiago_pcl_tutorial_generate_messages
[ 90%] Built target detect_main_plane
[100%] Built target region_segment
