Determining if the pthread_create exist failed with the following output:
Change Dir: /home/lewis/tiago_openday_ws/build/leg_detector/CMakeFiles/CMakeTmp

Run Build Command:"/usr/bin/make" "cmTC_569f9/fast"
/usr/bin/make -f CMakeFiles/cmTC_569f9.dir/build.make CMakeFiles/cmTC_569f9.dir/build
make[1]: Entering directory '/home/lewis/tiago_openday_ws/build/leg_detector/CMakeFiles/CMakeTmp'
Building C object CMakeFiles/cmTC_569f9.dir/CheckSymbolExists.c.o
/usr/bin/cc    -o CMakeFiles/cmTC_569f9.dir/CheckSymbolExists.c.o   -c /home/lewis/tiago_openday_ws/build/leg_detector/CMakeFiles/CMakeTmp/CheckSymbolExists.c
Linking C executable cmTC_569f9
/usr/bin/cmake -E cmake_link_script CMakeFiles/cmTC_569f9.dir/link.txt --verbose=1
/usr/bin/cc      -rdynamic CMakeFiles/cmTC_569f9.dir/CheckSymbolExists.c.o  -o cmTC_569f9 
CMakeFiles/cmTC_569f9.dir/CheckSymbolExists.c.o: In function `main':
CheckSymbolExists.c:(.text+0x1b): undefined reference to `pthread_create'
collect2: error: ld returned 1 exit status
CMakeFiles/cmTC_569f9.dir/build.make:97: recipe for target 'cmTC_569f9' failed
make[1]: *** [cmTC_569f9] Error 1
make[1]: Leaving directory '/home/lewis/tiago_openday_ws/build/leg_detector/CMakeFiles/CMakeTmp'
Makefile:126: recipe for target 'cmTC_569f9/fast' failed
make: *** [cmTC_569f9/fast] Error 2

File /home/lewis/tiago_openday_ws/build/leg_detector/CMakeFiles/CMakeTmp/CheckSymbolExists.c:
/* */
#include <pthread.h>

int main(int argc, char** argv)
{
  (void)argv;
#ifndef pthread_create
  return ((int*)(&pthread_create))[argc];
#else
  (void)argc;
  return 0;
#endif
}

Determining if the function pthread_create exists in the pthreads failed with the following output:
Change Dir: /home/lewis/tiago_openday_ws/build/leg_detector/CMakeFiles/CMakeTmp

Run Build Command:"/usr/bin/make" "cmTC_500aa/fast"
/usr/bin/make -f CMakeFiles/cmTC_500aa.dir/build.make CMakeFiles/cmTC_500aa.dir/build
make[1]: Entering directory '/home/lewis/tiago_openday_ws/build/leg_detector/CMakeFiles/CMakeTmp'
Building C object CMakeFiles/cmTC_500aa.dir/CheckFunctionExists.c.o
/usr/bin/cc   -DCHECK_FUNCTION_EXISTS=pthread_create   -o CMakeFiles/cmTC_500aa.dir/CheckFunctionExists.c.o   -c /usr/share/cmake-3.10/Modules/CheckFunctionExists.c
Linking C executable cmTC_500aa
/usr/bin/cmake -E cmake_link_script CMakeFiles/cmTC_500aa.dir/link.txt --verbose=1
/usr/bin/cc  -DCHECK_FUNCTION_EXISTS=pthread_create    -rdynamic CMakeFiles/cmTC_500aa.dir/CheckFunctionExists.c.o  -o cmTC_500aa -lpthreads 
/usr/bin/ld: cannot find -lpthreads
collect2: error: ld returned 1 exit status
CMakeFiles/cmTC_500aa.dir/build.make:97: recipe for target 'cmTC_500aa' failed
make[1]: *** [cmTC_500aa] Error 1
make[1]: Leaving directory '/home/lewis/tiago_openday_ws/build/leg_detector/CMakeFiles/CMakeTmp'
Makefile:126: recipe for target 'cmTC_500aa/fast' failed
make: *** [cmTC_500aa/fast] Error 2


