[35m[1mScanning dependencies of target diagnostic_msgs_generate_messages_lisp[0m
[35m[1mScanning dependencies of target octomap_msgs_generate_messages_nodejs[0m
[  0%] Built target diagnostic_msgs_generate_messages_lisp
[  0%] Built target octomap_msgs_generate_messages_nodejs
[35m[1mScanning dependencies of target object_recognition_msgs_generate_messages_py[0m
[35m[1mScanning dependencies of target geometry_msgs_generate_messages_lisp[0m
[  0%] Built target object_recognition_msgs_generate_messages_py
[  0%] Built target geometry_msgs_generate_messages_lisp
[35m[1mScanning dependencies of target control_msgs_generate_messages_cpp[0m
[35m[1mScanning dependencies of target geometry_msgs_generate_messages_eus[0m
[  0%] Built target control_msgs_generate_messages_cpp
[  0%] Built target geometry_msgs_generate_messages_eus
[35m[1mScanning dependencies of target moveit_ros_planning_gencfg[0m
[35m[1mScanning dependencies of target roscpp_generate_messages_py[0m
[  0%] Built target moveit_ros_planning_gencfg
[  0%] Built target roscpp_generate_messages_py
[35m[1mScanning dependencies of target play_motion_msgs_generate_messages_eus[0m
[35m[1mScanning dependencies of target visualization_msgs_generate_messages_eus[0m
[  0%] Built target play_motion_msgs_generate_messages_eus
[35m[1mScanning dependencies of target octomap_msgs_generate_messages_lisp[0m
[  0%] Built target visualization_msgs_generate_messages_eus
[  0%] Built target octomap_msgs_generate_messages_lisp
[35m[1mScanning dependencies of target control_msgs_generate_messages_nodejs[0m
[35m[1mScanning dependencies of target roscpp_generate_messages_lisp[0m
[  0%] Built target control_msgs_generate_messages_nodejs
[  0%] Built target roscpp_generate_messages_lisp
[35m[1mScanning dependencies of target roscpp_generate_messages_cpp[0m
[35m[1mScanning dependencies of target actionlib_generate_messages_cpp[0m
[  0%] Built target roscpp_generate_messages_cpp
[  0%] Built target actionlib_generate_messages_cpp
[35m[1mScanning dependencies of target _catkin_empty_exported_target[0m
[35m[1mScanning dependencies of target rosgraph_msgs_generate_messages_cpp[0m
[  0%] Built target _catkin_empty_exported_target
[  0%] Built target rosgraph_msgs_generate_messages_cpp
[35m[1mScanning dependencies of target sensor_msgs_generate_messages_eus[0m
[35m[1mScanning dependencies of target std_msgs_generate_messages_py[0m
[  0%] Built target sensor_msgs_generate_messages_eus
[  0%] Built target std_msgs_generate_messages_py
[35m[1mScanning dependencies of target play_motion_msgs_generate_messages_cpp[0m
[35m[1mScanning dependencies of target diagnostic_msgs_generate_messages_nodejs[0m
[  0%] Built target play_motion_msgs_generate_messages_cpp
[  0%] Built target diagnostic_msgs_generate_messages_nodejs
[35m[1mScanning dependencies of target control_msgs_generate_messages_lisp[0m
[35m[1mScanning dependencies of target actionlib_generate_messages_nodejs[0m
[  0%] Built target control_msgs_generate_messages_lisp
[  0%] Built target actionlib_generate_messages_nodejs
[35m[1mScanning dependencies of target diagnostic_msgs_generate_messages_eus[0m
[  0%] Built target diagnostic_msgs_generate_messages_eus
[35m[1mScanning dependencies of target moveit_ros_manipulation_gencfg[0m
[  0%] Built target moveit_ros_manipulation_gencfg
[35m[1mScanning dependencies of target tf2_msgs_generate_messages_nodejs[0m
[35m[1mScanning dependencies of target tf2_msgs_generate_messages_lisp[0m
[  0%] Built target tf2_msgs_generate_messages_nodejs
[  0%] Built target tf2_msgs_generate_messages_lisp
[35m[1mScanning dependencies of target tf2_msgs_generate_messages_cpp[0m
[35m[1mScanning dependencies of target octomap_msgs_generate_messages_py[0m
[35m[1mScanning dependencies of target octomap_msgs_generate_messages_eus[0m
[  0%] Built target tf2_msgs_generate_messages_cpp
[  0%] Built target octomap_msgs_generate_messages_py
[  0%] Built target octomap_msgs_generate_messages_eus
[35m[1mScanning dependencies of target octomap_msgs_generate_messages_cpp[0m
[35m[1mScanning dependencies of target geometry_msgs_generate_messages_cpp[0m
[35m[1mScanning dependencies of target actionlib_generate_messages_lisp[0m
[  0%] Built target octomap_msgs_generate_messages_cpp
[  0%] Built target geometry_msgs_generate_messages_cpp
[  0%] Built target actionlib_generate_messages_lisp
[35m[1mScanning dependencies of target rosgraph_msgs_generate_messages_lisp[0m
[35m[1mScanning dependencies of target control_msgs_generate_messages_py[0m
[35m[1mScanning dependencies of target rosgraph_msgs_generate_messages_nodejs[0m
[  0%] Built target rosgraph_msgs_generate_messages_lisp
[  0%] Built target control_msgs_generate_messages_py
[  0%] Built target rosgraph_msgs_generate_messages_nodejs
[35m[1mScanning dependencies of target actionlib_msgs_generate_messages_nodejs[0m
[35m[1mScanning dependencies of target trajectory_msgs_generate_messages_py[0m
[35m[1mScanning dependencies of target play_motion_msgs_generate_messages_py[0m
[  0%] Built target actionlib_msgs_generate_messages_nodejs
[  0%] Built target trajectory_msgs_generate_messages_py
[35m[1mScanning dependencies of target diagnostic_msgs_generate_messages_cpp[0m
[  0%] Built target play_motion_msgs_generate_messages_py
[35m[1mScanning dependencies of target moveit_msgs_generate_messages_py[0m
[35m[1mScanning dependencies of target actionlib_generate_messages_eus[0m
[  0%] Built target diagnostic_msgs_generate_messages_cpp
[  0%] Built target moveit_msgs_generate_messages_py
[35m[1mScanning dependencies of target control_msgs_generate_messages_eus[0m
[  0%] Built target actionlib_generate_messages_eus
[35m[1mScanning dependencies of target sensor_msgs_generate_messages_lisp[0m
[35m[1mScanning dependencies of target tf2_msgs_generate_messages_py[0m
[  0%] Built target control_msgs_generate_messages_eus
[  0%] Built target sensor_msgs_generate_messages_lisp
[35m[1mScanning dependencies of target actionlib_generate_messages_py[0m
[  0%] Built target tf2_msgs_generate_messages_py
[35m[1mScanning dependencies of target object_recognition_msgs_generate_messages_cpp[0m
[35m[1mScanning dependencies of target rosgraph_msgs_generate_messages_eus[0m
[35m[1mScanning dependencies of target actionlib_msgs_generate_messages_cpp[0m
[  0%] Built target actionlib_generate_messages_py
[35m[1mScanning dependencies of target play_motion_msgs_generate_messages_lisp[0m
[  0%] Built target object_recognition_msgs_generate_messages_cpp
[  0%] Built target rosgraph_msgs_generate_messages_eus
[  0%] Built target actionlib_msgs_generate_messages_cpp
[35m[1mScanning dependencies of target roscpp_generate_messages_eus[0m
[  0%] Built target play_motion_msgs_generate_messages_lisp
[35m[1mScanning dependencies of target rosgraph_msgs_generate_messages_py[0m
[35m[1mScanning dependencies of target actionlib_msgs_generate_messages_eus[0m
[35m[1mScanning dependencies of target actionlib_msgs_generate_messages_lisp[0m
[  0%] Built target roscpp_generate_messages_eus
[  0%] Built target rosgraph_msgs_generate_messages_py
[35m[1mScanning dependencies of target actionlib_msgs_generate_messages_py[0m
[  0%] Built target actionlib_msgs_generate_messages_eus
[  0%] Built target actionlib_msgs_generate_messages_lisp
[35m[1mScanning dependencies of target controller_manager_msgs_generate_messages_cpp[0m
[  0%] Built target actionlib_msgs_generate_messages_py
[35m[1mScanning dependencies of target shape_msgs_generate_messages_cpp[0m
[35m[1mScanning dependencies of target controller_manager_msgs_generate_messages_nodejs[0m
[35m[1mScanning dependencies of target std_msgs_generate_messages_cpp[0m
[  0%] Built target controller_manager_msgs_generate_messages_cpp
[35m[1mScanning dependencies of target std_msgs_generate_messages_eus[0m
[  0%] Built target shape_msgs_generate_messages_cpp
[  0%] Built target controller_manager_msgs_generate_messages_nodejs
[  0%] Built target std_msgs_generate_messages_cpp
[35m[1mScanning dependencies of target visualization_msgs_generate_messages_lisp[0m
[  0%] Built target std_msgs_generate_messages_eus
[35m[1mScanning dependencies of target visualization_msgs_generate_messages_nodejs[0m
[35m[1mScanning dependencies of target sensor_msgs_generate_messages_nodejs[0m
[  0%] Built target visualization_msgs_generate_messages_lisp
[35m[1mScanning dependencies of target moveit_msgs_generate_messages_nodejs[0m
[  0%] Built target visualization_msgs_generate_messages_nodejs
[35m[1mScanning dependencies of target roscpp_generate_messages_nodejs[0m
[  0%] Built target sensor_msgs_generate_messages_nodejs
[35m[1mScanning dependencies of target std_msgs_generate_messages_lisp[0m
[  0%] Built target roscpp_generate_messages_nodejs
[  0%] Built target moveit_msgs_generate_messages_nodejs
[35m[1mScanning dependencies of target object_recognition_msgs_generate_messages_lisp[0m
[35m[1mScanning dependencies of target geometry_msgs_generate_messages_nodejs[0m
[  0%] Built target std_msgs_generate_messages_lisp
[35m[1mScanning dependencies of target geometry_msgs_generate_messages_py[0m
[35m[1mScanning dependencies of target shape_msgs_generate_messages_py[0m
[  0%] Built target object_recognition_msgs_generate_messages_lisp
[  0%] Built target geometry_msgs_generate_messages_nodejs
[  0%] Built target geometry_msgs_generate_messages_py
[35m[1mScanning dependencies of target trajectory_msgs_generate_messages_cpp[0m
[  0%] Built target shape_msgs_generate_messages_py
[35m[1mScanning dependencies of target trajectory_msgs_generate_messages_lisp[0m
[35m[1mScanning dependencies of target trajectory_msgs_generate_messages_nodejs[0m
[35m[1mScanning dependencies of target trajectory_msgs_generate_messages_eus[0m
[35m[1mScanning dependencies of target controller_manager_msgs_generate_messages_eus[0m
[  0%] Built target trajectory_msgs_generate_messages_cpp
[  0%] Built target trajectory_msgs_generate_messages_lisp
[  0%] Built target trajectory_msgs_generate_messages_nodejs
[  0%] Built target trajectory_msgs_generate_messages_eus
[  0%] Built target controller_manager_msgs_generate_messages_eus
[35m[1mScanning dependencies of target sensor_msgs_generate_messages_cpp[0m
[35m[1mScanning dependencies of target object_recognition_msgs_generate_messages_eus[0m
[35m[1mScanning dependencies of target controller_manager_msgs_generate_messages_py[0m
[35m[1mScanning dependencies of target controller_manager_msgs_generate_messages_lisp[0m
[35m[1mScanning dependencies of target play_motion_msgs_generate_messages_nodejs[0m
[  0%] Built target sensor_msgs_generate_messages_cpp
[  0%] Built target object_recognition_msgs_generate_messages_eus
[  0%] Built target controller_manager_msgs_generate_messages_lisp
[35m[1mScanning dependencies of target shape_msgs_generate_messages_eus[0m
[  0%] Built target controller_manager_msgs_generate_messages_py
[  0%] Built target play_motion_msgs_generate_messages_nodejs
[35m[1mScanning dependencies of target shape_msgs_generate_messages_lisp[0m
[  0%] Built target shape_msgs_generate_messages_eus
[35m[1mScanning dependencies of target shape_msgs_generate_messages_nodejs[0m
[35m[1mScanning dependencies of target tf2_msgs_generate_messages_eus[0m
[35m[1mScanning dependencies of target visualization_msgs_generate_messages_cpp[0m
[  0%] Built target shape_msgs_generate_messages_lisp
[35m[1mScanning dependencies of target object_recognition_msgs_generate_messages_nodejs[0m
[  0%] Built target shape_msgs_generate_messages_nodejs
[  0%] Built target tf2_msgs_generate_messages_eus
[  0%] Built target visualization_msgs_generate_messages_cpp
[  0%] Built target object_recognition_msgs_generate_messages_nodejs
[35m[1mScanning dependencies of target std_msgs_generate_messages_nodejs[0m
[35m[1mScanning dependencies of target visualization_msgs_generate_messages_py[0m
[35m[1mScanning dependencies of target moveit_msgs_generate_messages_cpp[0m
[35m[1mScanning dependencies of target moveit_msgs_generate_messages_eus[0m
[35m[1mScanning dependencies of target moveit_msgs_generate_messages_lisp[0m
[  0%] Built target visualization_msgs_generate_messages_py
[  0%] Built target std_msgs_generate_messages_nodejs
[  0%] Built target moveit_msgs_generate_messages_cpp
[  0%] Built target moveit_msgs_generate_messages_eus
[  0%] Built target moveit_msgs_generate_messages_lisp
[35m[1mScanning dependencies of target sensor_msgs_generate_messages_py[0m
[35m[1mScanning dependencies of target diagnostic_msgs_generate_messages_py[0m
[35m[1mScanning dependencies of target play_motion_helpers[0m
[  0%] Built target sensor_msgs_generate_messages_py
[  0%] Built target diagnostic_msgs_generate_messages_py
[  9%] [32mBuilding CXX object CMakeFiles/play_motion_helpers.dir/src/play_motion_helpers.cpp.o[0m
[35m[1mScanning dependencies of target run_motion[0m
[ 18%] [32mBuilding CXX object CMakeFiles/run_motion.dir/src/run_motion_node.cpp.o[0m
[ 27%] [32m[1mLinking CXX shared library /home/lewis/tiago_openday_ws/devel/.private/play_motion/lib/libplay_motion_helpers.so[0m
[ 27%] Built target play_motion_helpers
[35m[1mScanning dependencies of target play_motion[0m
[ 36%] [32mBuilding CXX object CMakeFiles/play_motion.dir/src/play_motion_server.cpp.o[0m
[ 45%] [32mBuilding CXX object CMakeFiles/play_motion.dir/src/play_motion_main.cpp.o[0m
[ 54%] [32mBuilding CXX object CMakeFiles/play_motion.dir/src/play_motion.cpp.o[0m
[ 63%] [32mBuilding CXX object CMakeFiles/play_motion.dir/src/move_joint_group.cpp.o[0m
[ 72%] [32mBuilding CXX object CMakeFiles/play_motion.dir/src/controller_updater.cpp.o[0m
[ 81%] [32m[1mLinking CXX executable /home/lewis/tiago_openday_ws/devel/.private/play_motion/lib/play_motion/run_motion[0m
[ 90%] [32mBuilding CXX object CMakeFiles/play_motion.dir/src/approach_planner.cpp.o[0m
[ 90%] Built target run_motion
[100%] [32m[1mLinking CXX executable /home/lewis/tiago_openday_ws/devel/.private/play_motion/lib/play_motion/play_motion[0m
[100%] Built target play_motion
