Linked: (/home/lewis/tiago_openday_ws/devel/.private/tiago_pick_demo/include/tiago_pick_demo/PickUpPoseActionResult.h, /home/lewis/tiago_openday_ws/devel/include/tiago_pick_demo/PickUpPoseActionResult.h)
Linked: (/home/lewis/tiago_openday_ws/devel/.private/tiago_pick_demo/include/tiago_pick_demo/PickUpPoseActionFeedback.h, /home/lewis/tiago_openday_ws/devel/include/tiago_pick_demo/PickUpPoseActionFeedback.h)
Linked: (/home/lewis/tiago_openday_ws/devel/.private/tiago_pick_demo/include/tiago_pick_demo/SphericalGraspConfig.h, /home/lewis/tiago_openday_ws/devel/include/tiago_pick_demo/SphericalGraspConfig.h)
Linked: (/home/lewis/tiago_openday_ws/devel/.private/tiago_pick_demo/include/tiago_pick_demo/PickUpPoseAction.h, /home/lewis/tiago_openday_ws/devel/include/tiago_pick_demo/PickUpPoseAction.h)
Linked: (/home/lewis/tiago_openday_ws/devel/.private/tiago_pick_demo/include/tiago_pick_demo/PickUpPoseFeedback.h, /home/lewis/tiago_openday_ws/devel/include/tiago_pick_demo/PickUpPoseFeedback.h)
Linked: (/home/lewis/tiago_openday_ws/devel/.private/tiago_pick_demo/include/tiago_pick_demo/PickUpPoseResult.h, /home/lewis/tiago_openday_ws/devel/include/tiago_pick_demo/PickUpPoseResult.h)
Linked: (/home/lewis/tiago_openday_ws/devel/.private/tiago_pick_demo/include/tiago_pick_demo/PickUpPoseGoal.h, /home/lewis/tiago_openday_ws/devel/include/tiago_pick_demo/PickUpPoseGoal.h)
Linked: (/home/lewis/tiago_openday_ws/devel/.private/tiago_pick_demo/include/tiago_pick_demo/PickUpPoseActionGoal.h, /home/lewis/tiago_openday_ws/devel/include/tiago_pick_demo/PickUpPoseActionGoal.h)
Linked: (/home/lewis/tiago_openday_ws/devel/.private/tiago_pick_demo/lib/pkgconfig/tiago_pick_demo.pc, /home/lewis/tiago_openday_ws/devel/lib/pkgconfig/tiago_pick_demo.pc)
Linked: (/home/lewis/tiago_openday_ws/devel/.private/tiago_pick_demo/lib/python2.7/dist-packages/tiago_pick_demo/__init__.py, /home/lewis/tiago_openday_ws/devel/lib/python2.7/dist-packages/tiago_pick_demo/__init__.py)
Linked: (/home/lewis/tiago_openday_ws/devel/.private/tiago_pick_demo/lib/python2.7/dist-packages/tiago_pick_demo/cfg/SphericalGraspConfig.py, /home/lewis/tiago_openday_ws/devel/lib/python2.7/dist-packages/tiago_pick_demo/cfg/SphericalGraspConfig.py)
Linked: (/home/lewis/tiago_openday_ws/devel/.private/tiago_pick_demo/lib/python2.7/dist-packages/tiago_pick_demo/cfg/__init__.py, /home/lewis/tiago_openday_ws/devel/lib/python2.7/dist-packages/tiago_pick_demo/cfg/__init__.py)
Linked: (/home/lewis/tiago_openday_ws/devel/.private/tiago_pick_demo/lib/python2.7/dist-packages/tiago_pick_demo/msg/_PickUpPoseActionResult.py, /home/lewis/tiago_openday_ws/devel/lib/python2.7/dist-packages/tiago_pick_demo/msg/_PickUpPoseActionResult.py)
Linked: (/home/lewis/tiago_openday_ws/devel/.private/tiago_pick_demo/lib/python2.7/dist-packages/tiago_pick_demo/msg/_PickUpPoseAction.py, /home/lewis/tiago_openday_ws/devel/lib/python2.7/dist-packages/tiago_pick_demo/msg/_PickUpPoseAction.py)
Linked: (/home/lewis/tiago_openday_ws/devel/.private/tiago_pick_demo/lib/python2.7/dist-packages/tiago_pick_demo/msg/_PickUpPoseActionFeedback.py, /home/lewis/tiago_openday_ws/devel/lib/python2.7/dist-packages/tiago_pick_demo/msg/_PickUpPoseActionFeedback.py)
Linked: (/home/lewis/tiago_openday_ws/devel/.private/tiago_pick_demo/lib/python2.7/dist-packages/tiago_pick_demo/msg/_PickUpPoseFeedback.py, /home/lewis/tiago_openday_ws/devel/lib/python2.7/dist-packages/tiago_pick_demo/msg/_PickUpPoseFeedback.py)
Linked: (/home/lewis/tiago_openday_ws/devel/.private/tiago_pick_demo/lib/python2.7/dist-packages/tiago_pick_demo/msg/_PickUpPoseGoal.py, /home/lewis/tiago_openday_ws/devel/lib/python2.7/dist-packages/tiago_pick_demo/msg/_PickUpPoseGoal.py)
Linked: (/home/lewis/tiago_openday_ws/devel/.private/tiago_pick_demo/lib/python2.7/dist-packages/tiago_pick_demo/msg/_PickUpPoseResult.py, /home/lewis/tiago_openday_ws/devel/lib/python2.7/dist-packages/tiago_pick_demo/msg/_PickUpPoseResult.py)
Linked: (/home/lewis/tiago_openday_ws/devel/.private/tiago_pick_demo/lib/python2.7/dist-packages/tiago_pick_demo/msg/_PickUpPoseActionGoal.py, /home/lewis/tiago_openday_ws/devel/lib/python2.7/dist-packages/tiago_pick_demo/msg/_PickUpPoseActionGoal.py)
Linked: (/home/lewis/tiago_openday_ws/devel/.private/tiago_pick_demo/lib/python2.7/dist-packages/tiago_pick_demo/msg/__init__.py, /home/lewis/tiago_openday_ws/devel/lib/python2.7/dist-packages/tiago_pick_demo/msg/__init__.py)
Linked: (/home/lewis/tiago_openday_ws/devel/.private/tiago_pick_demo/share/gennodejs/ros/tiago_pick_demo/_index.js, /home/lewis/tiago_openday_ws/devel/share/gennodejs/ros/tiago_pick_demo/_index.js)
Linked: (/home/lewis/tiago_openday_ws/devel/.private/tiago_pick_demo/share/gennodejs/ros/tiago_pick_demo/msg/PickUpPoseActionFeedback.js, /home/lewis/tiago_openday_ws/devel/share/gennodejs/ros/tiago_pick_demo/msg/PickUpPoseActionFeedback.js)
Linked: (/home/lewis/tiago_openday_ws/devel/.private/tiago_pick_demo/share/gennodejs/ros/tiago_pick_demo/msg/PickUpPoseGoal.js, /home/lewis/tiago_openday_ws/devel/share/gennodejs/ros/tiago_pick_demo/msg/PickUpPoseGoal.js)
Linked: (/home/lewis/tiago_openday_ws/devel/.private/tiago_pick_demo/share/gennodejs/ros/tiago_pick_demo/msg/PickUpPoseFeedback.js, /home/lewis/tiago_openday_ws/devel/share/gennodejs/ros/tiago_pick_demo/msg/PickUpPoseFeedback.js)
Linked: (/home/lewis/tiago_openday_ws/devel/.private/tiago_pick_demo/share/gennodejs/ros/tiago_pick_demo/msg/PickUpPoseActionGoal.js, /home/lewis/tiago_openday_ws/devel/share/gennodejs/ros/tiago_pick_demo/msg/PickUpPoseActionGoal.js)
Linked: (/home/lewis/tiago_openday_ws/devel/.private/tiago_pick_demo/share/gennodejs/ros/tiago_pick_demo/msg/_index.js, /home/lewis/tiago_openday_ws/devel/share/gennodejs/ros/tiago_pick_demo/msg/_index.js)
Linked: (/home/lewis/tiago_openday_ws/devel/.private/tiago_pick_demo/share/gennodejs/ros/tiago_pick_demo/msg/PickUpPoseResult.js, /home/lewis/tiago_openday_ws/devel/share/gennodejs/ros/tiago_pick_demo/msg/PickUpPoseResult.js)
Linked: (/home/lewis/tiago_openday_ws/devel/.private/tiago_pick_demo/share/gennodejs/ros/tiago_pick_demo/msg/PickUpPoseActionResult.js, /home/lewis/tiago_openday_ws/devel/share/gennodejs/ros/tiago_pick_demo/msg/PickUpPoseActionResult.js)
Linked: (/home/lewis/tiago_openday_ws/devel/.private/tiago_pick_demo/share/gennodejs/ros/tiago_pick_demo/msg/PickUpPoseAction.js, /home/lewis/tiago_openday_ws/devel/share/gennodejs/ros/tiago_pick_demo/msg/PickUpPoseAction.js)
Linked: (/home/lewis/tiago_openday_ws/devel/.private/tiago_pick_demo/share/common-lisp/ros/tiago_pick_demo/msg/_package_PickUpPoseGoal.lisp, /home/lewis/tiago_openday_ws/devel/share/common-lisp/ros/tiago_pick_demo/msg/_package_PickUpPoseGoal.lisp)
Linked: (/home/lewis/tiago_openday_ws/devel/.private/tiago_pick_demo/share/common-lisp/ros/tiago_pick_demo/msg/PickUpPoseActionGoal.lisp, /home/lewis/tiago_openday_ws/devel/share/common-lisp/ros/tiago_pick_demo/msg/PickUpPoseActionGoal.lisp)
Linked: (/home/lewis/tiago_openday_ws/devel/.private/tiago_pick_demo/share/common-lisp/ros/tiago_pick_demo/msg/tiago_pick_demo-msg.asd, /home/lewis/tiago_openday_ws/devel/share/common-lisp/ros/tiago_pick_demo/msg/tiago_pick_demo-msg.asd)
Linked: (/home/lewis/tiago_openday_ws/devel/.private/tiago_pick_demo/share/common-lisp/ros/tiago_pick_demo/msg/_package_PickUpPoseAction.lisp, /home/lewis/tiago_openday_ws/devel/share/common-lisp/ros/tiago_pick_demo/msg/_package_PickUpPoseAction.lisp)
Linked: (/home/lewis/tiago_openday_ws/devel/.private/tiago_pick_demo/share/common-lisp/ros/tiago_pick_demo/msg/PickUpPoseActionFeedback.lisp, /home/lewis/tiago_openday_ws/devel/share/common-lisp/ros/tiago_pick_demo/msg/PickUpPoseActionFeedback.lisp)
Linked: (/home/lewis/tiago_openday_ws/devel/.private/tiago_pick_demo/share/common-lisp/ros/tiago_pick_demo/msg/_package_PickUpPoseActionFeedback.lisp, /home/lewis/tiago_openday_ws/devel/share/common-lisp/ros/tiago_pick_demo/msg/_package_PickUpPoseActionFeedback.lisp)
Linked: (/home/lewis/tiago_openday_ws/devel/.private/tiago_pick_demo/share/common-lisp/ros/tiago_pick_demo/msg/PickUpPoseActionResult.lisp, /home/lewis/tiago_openday_ws/devel/share/common-lisp/ros/tiago_pick_demo/msg/PickUpPoseActionResult.lisp)
Linked: (/home/lewis/tiago_openday_ws/devel/.private/tiago_pick_demo/share/common-lisp/ros/tiago_pick_demo/msg/PickUpPoseGoal.lisp, /home/lewis/tiago_openday_ws/devel/share/common-lisp/ros/tiago_pick_demo/msg/PickUpPoseGoal.lisp)
Linked: (/home/lewis/tiago_openday_ws/devel/.private/tiago_pick_demo/share/common-lisp/ros/tiago_pick_demo/msg/_package_PickUpPoseActionGoal.lisp, /home/lewis/tiago_openday_ws/devel/share/common-lisp/ros/tiago_pick_demo/msg/_package_PickUpPoseActionGoal.lisp)
Linked: (/home/lewis/tiago_openday_ws/devel/.private/tiago_pick_demo/share/common-lisp/ros/tiago_pick_demo/msg/PickUpPoseAction.lisp, /home/lewis/tiago_openday_ws/devel/share/common-lisp/ros/tiago_pick_demo/msg/PickUpPoseAction.lisp)
Linked: (/home/lewis/tiago_openday_ws/devel/.private/tiago_pick_demo/share/common-lisp/ros/tiago_pick_demo/msg/_package_PickUpPoseResult.lisp, /home/lewis/tiago_openday_ws/devel/share/common-lisp/ros/tiago_pick_demo/msg/_package_PickUpPoseResult.lisp)
Linked: (/home/lewis/tiago_openday_ws/devel/.private/tiago_pick_demo/share/common-lisp/ros/tiago_pick_demo/msg/_package_PickUpPoseActionResult.lisp, /home/lewis/tiago_openday_ws/devel/share/common-lisp/ros/tiago_pick_demo/msg/_package_PickUpPoseActionResult.lisp)
Linked: (/home/lewis/tiago_openday_ws/devel/.private/tiago_pick_demo/share/common-lisp/ros/tiago_pick_demo/msg/_package.lisp, /home/lewis/tiago_openday_ws/devel/share/common-lisp/ros/tiago_pick_demo/msg/_package.lisp)
Linked: (/home/lewis/tiago_openday_ws/devel/.private/tiago_pick_demo/share/common-lisp/ros/tiago_pick_demo/msg/_package_PickUpPoseFeedback.lisp, /home/lewis/tiago_openday_ws/devel/share/common-lisp/ros/tiago_pick_demo/msg/_package_PickUpPoseFeedback.lisp)
Linked: (/home/lewis/tiago_openday_ws/devel/.private/tiago_pick_demo/share/common-lisp/ros/tiago_pick_demo/msg/PickUpPoseFeedback.lisp, /home/lewis/tiago_openday_ws/devel/share/common-lisp/ros/tiago_pick_demo/msg/PickUpPoseFeedback.lisp)
Linked: (/home/lewis/tiago_openday_ws/devel/.private/tiago_pick_demo/share/common-lisp/ros/tiago_pick_demo/msg/PickUpPoseResult.lisp, /home/lewis/tiago_openday_ws/devel/share/common-lisp/ros/tiago_pick_demo/msg/PickUpPoseResult.lisp)
Linked: (/home/lewis/tiago_openday_ws/devel/.private/tiago_pick_demo/share/roseus/ros/tiago_pick_demo/manifest.l, /home/lewis/tiago_openday_ws/devel/share/roseus/ros/tiago_pick_demo/manifest.l)
Linked: (/home/lewis/tiago_openday_ws/devel/.private/tiago_pick_demo/share/roseus/ros/tiago_pick_demo/msg/PickUpPoseActionFeedback.l, /home/lewis/tiago_openday_ws/devel/share/roseus/ros/tiago_pick_demo/msg/PickUpPoseActionFeedback.l)
Linked: (/home/lewis/tiago_openday_ws/devel/.private/tiago_pick_demo/share/roseus/ros/tiago_pick_demo/msg/PickUpPoseAction.l, /home/lewis/tiago_openday_ws/devel/share/roseus/ros/tiago_pick_demo/msg/PickUpPoseAction.l)
Linked: (/home/lewis/tiago_openday_ws/devel/.private/tiago_pick_demo/share/roseus/ros/tiago_pick_demo/msg/PickUpPoseFeedback.l, /home/lewis/tiago_openday_ws/devel/share/roseus/ros/tiago_pick_demo/msg/PickUpPoseFeedback.l)
Linked: (/home/lewis/tiago_openday_ws/devel/.private/tiago_pick_demo/share/roseus/ros/tiago_pick_demo/msg/PickUpPoseActionGoal.l, /home/lewis/tiago_openday_ws/devel/share/roseus/ros/tiago_pick_demo/msg/PickUpPoseActionGoal.l)
Linked: (/home/lewis/tiago_openday_ws/devel/.private/tiago_pick_demo/share/roseus/ros/tiago_pick_demo/msg/PickUpPoseGoal.l, /home/lewis/tiago_openday_ws/devel/share/roseus/ros/tiago_pick_demo/msg/PickUpPoseGoal.l)
Linked: (/home/lewis/tiago_openday_ws/devel/.private/tiago_pick_demo/share/roseus/ros/tiago_pick_demo/msg/PickUpPoseResult.l, /home/lewis/tiago_openday_ws/devel/share/roseus/ros/tiago_pick_demo/msg/PickUpPoseResult.l)
Linked: (/home/lewis/tiago_openday_ws/devel/.private/tiago_pick_demo/share/roseus/ros/tiago_pick_demo/msg/PickUpPoseActionResult.l, /home/lewis/tiago_openday_ws/devel/share/roseus/ros/tiago_pick_demo/msg/PickUpPoseActionResult.l)
Linked: (/home/lewis/tiago_openday_ws/devel/.private/tiago_pick_demo/share/tiago_pick_demo/msg/PickUpPoseFeedback.msg, /home/lewis/tiago_openday_ws/devel/share/tiago_pick_demo/msg/PickUpPoseFeedback.msg)
Linked: (/home/lewis/tiago_openday_ws/devel/.private/tiago_pick_demo/share/tiago_pick_demo/msg/PickUpPoseGoal.msg, /home/lewis/tiago_openday_ws/devel/share/tiago_pick_demo/msg/PickUpPoseGoal.msg)
Linked: (/home/lewis/tiago_openday_ws/devel/.private/tiago_pick_demo/share/tiago_pick_demo/msg/PickUpPoseActionFeedback.msg, /home/lewis/tiago_openday_ws/devel/share/tiago_pick_demo/msg/PickUpPoseActionFeedback.msg)
Linked: (/home/lewis/tiago_openday_ws/devel/.private/tiago_pick_demo/share/tiago_pick_demo/msg/PickUpPoseAction.msg, /home/lewis/tiago_openday_ws/devel/share/tiago_pick_demo/msg/PickUpPoseAction.msg)
Linked: (/home/lewis/tiago_openday_ws/devel/.private/tiago_pick_demo/share/tiago_pick_demo/msg/PickUpPoseActionResult.msg, /home/lewis/tiago_openday_ws/devel/share/tiago_pick_demo/msg/PickUpPoseActionResult.msg)
Linked: (/home/lewis/tiago_openday_ws/devel/.private/tiago_pick_demo/share/tiago_pick_demo/msg/PickUpPoseActionGoal.msg, /home/lewis/tiago_openday_ws/devel/share/tiago_pick_demo/msg/PickUpPoseActionGoal.msg)
Linked: (/home/lewis/tiago_openday_ws/devel/.private/tiago_pick_demo/share/tiago_pick_demo/msg/PickUpPoseResult.msg, /home/lewis/tiago_openday_ws/devel/share/tiago_pick_demo/msg/PickUpPoseResult.msg)
Linked: (/home/lewis/tiago_openday_ws/devel/.private/tiago_pick_demo/share/tiago_pick_demo/cmake/tiago_pick_demo-msg-extras.cmake, /home/lewis/tiago_openday_ws/devel/share/tiago_pick_demo/cmake/tiago_pick_demo-msg-extras.cmake)
Linked: (/home/lewis/tiago_openday_ws/devel/.private/tiago_pick_demo/share/tiago_pick_demo/cmake/tiago_pick_demoConfig.cmake, /home/lewis/tiago_openday_ws/devel/share/tiago_pick_demo/cmake/tiago_pick_demoConfig.cmake)
Linked: (/home/lewis/tiago_openday_ws/devel/.private/tiago_pick_demo/share/tiago_pick_demo/cmake/tiago_pick_demo-msg-paths.cmake, /home/lewis/tiago_openday_ws/devel/share/tiago_pick_demo/cmake/tiago_pick_demo-msg-paths.cmake)
Linked: (/home/lewis/tiago_openday_ws/devel/.private/tiago_pick_demo/share/tiago_pick_demo/cmake/tiago_pick_demoConfig-version.cmake, /home/lewis/tiago_openday_ws/devel/share/tiago_pick_demo/cmake/tiago_pick_demoConfig-version.cmake)
Linked: (/home/lewis/tiago_openday_ws/devel/.private/tiago_pick_demo/share/tiago_pick_demo/docs/SphericalGraspConfig.dox, /home/lewis/tiago_openday_ws/devel/share/tiago_pick_demo/docs/SphericalGraspConfig.dox)
Linked: (/home/lewis/tiago_openday_ws/devel/.private/tiago_pick_demo/share/tiago_pick_demo/docs/SphericalGraspConfig.wikidoc, /home/lewis/tiago_openday_ws/devel/share/tiago_pick_demo/docs/SphericalGraspConfig.wikidoc)
Linked: (/home/lewis/tiago_openday_ws/devel/.private/tiago_pick_demo/share/tiago_pick_demo/docs/SphericalGraspConfig-usage.dox, /home/lewis/tiago_openday_ws/devel/share/tiago_pick_demo/docs/SphericalGraspConfig-usage.dox)
