[35m[1mScanning dependencies of target _people_msgs_generate_messages_check_deps_People[0m
[  0%] Built target _people_msgs_generate_messages_check_deps_People
[35m[1mScanning dependencies of target geometry_msgs_generate_messages_py[0m
[35m[1mScanning dependencies of target std_msgs_generate_messages_py[0m
[35m[1mScanning dependencies of target _people_msgs_generate_messages_check_deps_Person[0m
[  0%] Built target geometry_msgs_generate_messages_py
[  0%] Built target std_msgs_generate_messages_py
[35m[1mScanning dependencies of target _people_msgs_generate_messages_check_deps_PositionMeasurementArray[0m
[35m[1mScanning dependencies of target _people_msgs_generate_messages_check_deps_PersonStamped[0m
[  0%] Built target _people_msgs_generate_messages_check_deps_Person
[35m[1mScanning dependencies of target _people_msgs_generate_messages_check_deps_PositionMeasurement[0m
[  0%] Built target _people_msgs_generate_messages_check_deps_PositionMeasurementArray
[  0%] Built target _people_msgs_generate_messages_check_deps_PersonStamped
[35m[1mScanning dependencies of target std_msgs_generate_messages_eus[0m
[35m[1mScanning dependencies of target geometry_msgs_generate_messages_eus[0m
[35m[1mScanning dependencies of target std_msgs_generate_messages_cpp[0m
[  0%] Built target std_msgs_generate_messages_eus
[  0%] Built target std_msgs_generate_messages_cpp
[  0%] Built target geometry_msgs_generate_messages_eus
[  0%] Built target _people_msgs_generate_messages_check_deps_PositionMeasurement
[35m[1mScanning dependencies of target geometry_msgs_generate_messages_cpp[0m
[35m[1mScanning dependencies of target std_msgs_generate_messages_lisp[0m
[35m[1mScanning dependencies of target geometry_msgs_generate_messages_lisp[0m
[35m[1mScanning dependencies of target std_msgs_generate_messages_nodejs[0m
[  0%] Built target geometry_msgs_generate_messages_cpp
[  0%] Built target std_msgs_generate_messages_lisp
[  0%] Built target geometry_msgs_generate_messages_lisp
[  0%] Built target std_msgs_generate_messages_nodejs
[35m[1mScanning dependencies of target geometry_msgs_generate_messages_nodejs[0m
[35m[1mScanning dependencies of target people_msgs_generate_messages_py[0m
[35m[1mScanning dependencies of target people_msgs_generate_messages_eus[0m
[35m[1mScanning dependencies of target people_msgs_generate_messages_cpp[0m
[  0%] Built target geometry_msgs_generate_messages_nodejs
[  3%] [34m[1mGenerating Python from MSG people_msgs/PositionMeasurementArray[0m
[ 11%] [34m[1mGenerating C++ code from people_msgs/PositionMeasurementArray.msg[0m
[ 11%] [34m[1mGenerating EusLisp code from people_msgs/People.msg[0m
[ 14%] [34m[1mGenerating EusLisp code from people_msgs/PositionMeasurementArray.msg[0m
[ 18%] [34m[1mGenerating EusLisp code from people_msgs/PersonStamped.msg[0m
[35m[1mScanning dependencies of target people_msgs_generate_messages_lisp[0m
[35m[1mScanning dependencies of target people_msgs_generate_messages_nodejs[0m
[ 22%] [34m[1mGenerating Lisp code from people_msgs/PositionMeasurementArray.msg[0m
[ 25%] [34m[1mGenerating Javascript code from people_msgs/PositionMeasurementArray.msg[0m
[ 29%] [34m[1mGenerating Javascript code from people_msgs/People.msg[0m
[ 33%] [34m[1mGenerating EusLisp code from people_msgs/PositionMeasurement.msg[0m
[ 37%] [34m[1mGenerating Python from MSG people_msgs/People[0m
[ 48%] [34m[1mGenerating Lisp code from people_msgs/People.msg[0m
[ 48%] [34m[1mGenerating C++ code from people_msgs/People.msg[0m
[ 48%] [34m[1mGenerating Python from MSG people_msgs/PersonStamped[0m
[ 51%] [34m[1mGenerating Javascript code from people_msgs/PersonStamped.msg[0m
[ 55%] [34m[1mGenerating EusLisp code from people_msgs/Person.msg[0m
[ 59%] [34m[1mGenerating Lisp code from people_msgs/PersonStamped.msg[0m
[ 62%] [34m[1mGenerating Javascript code from people_msgs/PositionMeasurement.msg[0m
[ 66%] [34m[1mGenerating EusLisp manifest code for people_msgs[0m
[ 70%] [34m[1mGenerating Lisp code from people_msgs/PositionMeasurement.msg[0m
[ 74%] [34m[1mGenerating Lisp code from people_msgs/Person.msg[0m
[ 77%] [34m[1mGenerating C++ code from people_msgs/PersonStamped.msg[0m
[ 81%] [34m[1mGenerating Javascript code from people_msgs/Person.msg[0m
[ 85%] [34m[1mGenerating Python from MSG people_msgs/PositionMeasurement[0m
[ 85%] Built target people_msgs_generate_messages_lisp
[ 88%] [34m[1mGenerating C++ code from people_msgs/PositionMeasurement.msg[0m
[ 88%] Built target people_msgs_generate_messages_nodejs
[ 92%] [34m[1mGenerating C++ code from people_msgs/Person.msg[0m
[ 96%] [34m[1mGenerating Python from MSG people_msgs/Person[0m
[ 96%] Built target people_msgs_generate_messages_cpp
[100%] [34m[1mGenerating Python msg __init__.py for people_msgs[0m
[100%] Built target people_msgs_generate_messages_py
[100%] Built target people_msgs_generate_messages_eus
[35m[1mScanning dependencies of target people_msgs_generate_messages[0m
[100%] Built target people_msgs_generate_messages
