[  0%] Built target _people_msgs_generate_messages_check_deps_People
[  0%] Built target geometry_msgs_generate_messages_py
[  0%] Built target std_msgs_generate_messages_py
[  0%] Built target _people_msgs_generate_messages_check_deps_Person
[  0%] Built target _people_msgs_generate_messages_check_deps_PositionMeasurementArray
[  0%] Built target _people_msgs_generate_messages_check_deps_PersonStamped
[  0%] Built target _people_msgs_generate_messages_check_deps_PositionMeasurement
[  0%] Built target std_msgs_generate_messages_eus
[  0%] Built target geometry_msgs_generate_messages_eus
[  0%] Built target std_msgs_generate_messages_cpp
[  0%] Built target geometry_msgs_generate_messages_cpp
[  0%] Built target std_msgs_generate_messages_lisp
[  0%] Built target geometry_msgs_generate_messages_lisp
[  0%] Built target std_msgs_generate_messages_nodejs
[  0%] Built target geometry_msgs_generate_messages_nodejs
[ 22%] Built target people_msgs_generate_messages_py
[ 44%] Built target people_msgs_generate_messages_eus
[ 62%] Built target people_msgs_generate_messages_cpp
[ 81%] Built target people_msgs_generate_messages_lisp
[100%] Built target people_msgs_generate_messages_nodejs
[100%] Built target people_msgs_generate_messages
