Symlinking /home/lewis/tiago_openday_ws/devel/include/people_msgs/PositionMeasurementArray.h
Symlinking /home/lewis/tiago_openday_ws/devel/include/people_msgs/People.h
Symlinking /home/lewis/tiago_openday_ws/devel/include/people_msgs/PersonStamped.h
Symlinking /home/lewis/tiago_openday_ws/devel/include/people_msgs/Person.h
Symlinking /home/lewis/tiago_openday_ws/devel/include/people_msgs/PositionMeasurement.h
Symlinking /home/lewis/tiago_openday_ws/devel/lib/pkgconfig/people_msgs.pc
Symlinking /home/lewis/tiago_openday_ws/devel/lib/python2.7/dist-packages/people_msgs/__init__.py
Symlinking /home/lewis/tiago_openday_ws/devel/lib/python2.7/dist-packages/people_msgs/msg/_PersonStamped.py
Symlinking /home/lewis/tiago_openday_ws/devel/lib/python2.7/dist-packages/people_msgs/msg/_Person.py
Symlinking /home/lewis/tiago_openday_ws/devel/lib/python2.7/dist-packages/people_msgs/msg/__init__.py
Symlinking /home/lewis/tiago_openday_ws/devel/lib/python2.7/dist-packages/people_msgs/msg/_People.py
Symlinking /home/lewis/tiago_openday_ws/devel/lib/python2.7/dist-packages/people_msgs/msg/_PositionMeasurement.py
Symlinking /home/lewis/tiago_openday_ws/devel/lib/python2.7/dist-packages/people_msgs/msg/_PositionMeasurementArray.py
Symlinking /home/lewis/tiago_openday_ws/devel/share/gennodejs/ros/people_msgs/_index.js
Symlinking /home/lewis/tiago_openday_ws/devel/share/gennodejs/ros/people_msgs/msg/PositionMeasurementArray.js
Symlinking /home/lewis/tiago_openday_ws/devel/share/gennodejs/ros/people_msgs/msg/_index.js
Symlinking /home/lewis/tiago_openday_ws/devel/share/gennodejs/ros/people_msgs/msg/People.js
Symlinking /home/lewis/tiago_openday_ws/devel/share/gennodejs/ros/people_msgs/msg/Person.js
Symlinking /home/lewis/tiago_openday_ws/devel/share/gennodejs/ros/people_msgs/msg/PositionMeasurement.js
Symlinking /home/lewis/tiago_openday_ws/devel/share/gennodejs/ros/people_msgs/msg/PersonStamped.js
Symlinking /home/lewis/tiago_openday_ws/devel/share/common-lisp/ros/people_msgs/msg/_package_PersonStamped.lisp
Symlinking /home/lewis/tiago_openday_ws/devel/share/common-lisp/ros/people_msgs/msg/Person.lisp
Symlinking /home/lewis/tiago_openday_ws/devel/share/common-lisp/ros/people_msgs/msg/people_msgs-msg.asd
Symlinking /home/lewis/tiago_openday_ws/devel/share/common-lisp/ros/people_msgs/msg/_package_People.lisp
Symlinking /home/lewis/tiago_openday_ws/devel/share/common-lisp/ros/people_msgs/msg/PositionMeasurementArray.lisp
Symlinking /home/lewis/tiago_openday_ws/devel/share/common-lisp/ros/people_msgs/msg/PositionMeasurement.lisp
Symlinking /home/lewis/tiago_openday_ws/devel/share/common-lisp/ros/people_msgs/msg/_package_Person.lisp
Symlinking /home/lewis/tiago_openday_ws/devel/share/common-lisp/ros/people_msgs/msg/_package_PositionMeasurement.lisp
Symlinking /home/lewis/tiago_openday_ws/devel/share/common-lisp/ros/people_msgs/msg/_package_PositionMeasurementArray.lisp
Symlinking /home/lewis/tiago_openday_ws/devel/share/common-lisp/ros/people_msgs/msg/People.lisp
Symlinking /home/lewis/tiago_openday_ws/devel/share/common-lisp/ros/people_msgs/msg/PersonStamped.lisp
Symlinking /home/lewis/tiago_openday_ws/devel/share/common-lisp/ros/people_msgs/msg/_package.lisp
Symlinking /home/lewis/tiago_openday_ws/devel/share/roseus/ros/people_msgs/manifest.l
Symlinking /home/lewis/tiago_openday_ws/devel/share/roseus/ros/people_msgs/msg/PersonStamped.l
Symlinking /home/lewis/tiago_openday_ws/devel/share/roseus/ros/people_msgs/msg/Person.l
Symlinking /home/lewis/tiago_openday_ws/devel/share/roseus/ros/people_msgs/msg/PositionMeasurementArray.l
Symlinking /home/lewis/tiago_openday_ws/devel/share/roseus/ros/people_msgs/msg/PositionMeasurement.l
Symlinking /home/lewis/tiago_openday_ws/devel/share/roseus/ros/people_msgs/msg/People.l
Symlinking /home/lewis/tiago_openday_ws/devel/share/people_msgs/cmake/people_msgsConfig.cmake
Symlinking /home/lewis/tiago_openday_ws/devel/share/people_msgs/cmake/people_msgsConfig-version.cmake
Symlinking /home/lewis/tiago_openday_ws/devel/share/people_msgs/cmake/people_msgs-msg-extras.cmake
Symlinking /home/lewis/tiago_openday_ws/devel/share/people_msgs/cmake/people_msgs-msg-paths.cmake
