Determining if the pthread_create exist failed with the following output:
Change Dir: /home/lewis/tiago_openday_ws/build/gazebo_ros_control/CMakeFiles/CMakeTmp

Run Build Command:"/usr/bin/make" "cmTC_6923c/fast"
/usr/bin/make -f CMakeFiles/cmTC_6923c.dir/build.make CMakeFiles/cmTC_6923c.dir/build
make[1]: Entering directory '/home/lewis/tiago_openday_ws/build/gazebo_ros_control/CMakeFiles/CMakeTmp'
Building C object CMakeFiles/cmTC_6923c.dir/CheckSymbolExists.c.o
/usr/bin/cc    -o CMakeFiles/cmTC_6923c.dir/CheckSymbolExists.c.o   -c /home/lewis/tiago_openday_ws/build/gazebo_ros_control/CMakeFiles/CMakeTmp/CheckSymbolExists.c
Linking C executable cmTC_6923c
/usr/bin/cmake -E cmake_link_script CMakeFiles/cmTC_6923c.dir/link.txt --verbose=1
/usr/bin/cc      -rdynamic CMakeFiles/cmTC_6923c.dir/CheckSymbolExists.c.o  -o cmTC_6923c 
CMakeFiles/cmTC_6923c.dir/CheckSymbolExists.c.o: In function `main':
CheckSymbolExists.c:(.text+0x1b): undefined reference to `pthread_create'
collect2: error: ld returned 1 exit status
CMakeFiles/cmTC_6923c.dir/build.make:97: recipe for target 'cmTC_6923c' failed
make[1]: *** [cmTC_6923c] Error 1
make[1]: Leaving directory '/home/lewis/tiago_openday_ws/build/gazebo_ros_control/CMakeFiles/CMakeTmp'
Makefile:126: recipe for target 'cmTC_6923c/fast' failed
make: *** [cmTC_6923c/fast] Error 2

File /home/lewis/tiago_openday_ws/build/gazebo_ros_control/CMakeFiles/CMakeTmp/CheckSymbolExists.c:
/* */
#include <pthread.h>

int main(int argc, char** argv)
{
  (void)argv;
#ifndef pthread_create
  return ((int*)(&pthread_create))[argc];
#else
  (void)argc;
  return 0;
#endif
}

Determining if the function pthread_create exists in the pthreads failed with the following output:
Change Dir: /home/lewis/tiago_openday_ws/build/gazebo_ros_control/CMakeFiles/CMakeTmp

Run Build Command:"/usr/bin/make" "cmTC_44924/fast"
/usr/bin/make -f CMakeFiles/cmTC_44924.dir/build.make CMakeFiles/cmTC_44924.dir/build
make[1]: Entering directory '/home/lewis/tiago_openday_ws/build/gazebo_ros_control/CMakeFiles/CMakeTmp'
Building C object CMakeFiles/cmTC_44924.dir/CheckFunctionExists.c.o
/usr/bin/cc   -DCHECK_FUNCTION_EXISTS=pthread_create   -o CMakeFiles/cmTC_44924.dir/CheckFunctionExists.c.o   -c /usr/share/cmake-3.10/Modules/CheckFunctionExists.c
Linking C executable cmTC_44924
/usr/bin/cmake -E cmake_link_script CMakeFiles/cmTC_44924.dir/link.txt --verbose=1
/usr/bin/cc  -DCHECK_FUNCTION_EXISTS=pthread_create    -rdynamic CMakeFiles/cmTC_44924.dir/CheckFunctionExists.c.o  -o cmTC_44924 -lpthreads 
/usr/bin/ld: cannot find -lpthreads
collect2: error: ld returned 1 exit status
CMakeFiles/cmTC_44924.dir/build.make:97: recipe for target 'cmTC_44924' failed
make[1]: *** [cmTC_44924] Error 1
make[1]: Leaving directory '/home/lewis/tiago_openday_ws/build/gazebo_ros_control/CMakeFiles/CMakeTmp'
Makefile:126: recipe for target 'cmTC_44924/fast' failed
make: *** [cmTC_44924/fast] Error 2


