[01m[K/home/lewis/tiago_openday_ws/src/open_day_robot/src/mover.cpp:[m[K In member function ‘[01m[Kvoid Robot::callBack(const ConstPtr&)[m[K’:
[01m[K/home/lewis/tiago_openday_ws/src/open_day_robot/src/mover.cpp:23:90:[m[K [01;31m[Kerror: [m[Kno matching function for call to ‘[01m[Kstd_msgs::Float64_<std::allocator<void> >::Float64_(const _x_type&)[m[K’
         std_msgs::Float64 xPos = static_cast<std_msgs::Float64>(msg->detections.data()->x[01;31m[K)[m[K;
                                                                                          [01;31m[K^[m[K
In file included from [01m[K/home/lewis/tiago_openday_ws/src/open_day_robot/src/mover.cpp:5:0[m[K:
[01m[K/opt/ros/melodic/include/std_msgs/Float64.h:29:3:[m[K [01;36m[Knote: [m[Kcandidate: std_msgs::Float64_<ContainerAllocator>::Float64_(const ContainerAllocator&) [with ContainerAllocator = std::allocator<void>]
   [01;36m[KFloat64_[m[K(const ContainerAllocator& _alloc)
   [01;36m[K^~~~~~~~[m[K
[01m[K/opt/ros/melodic/include/std_msgs/Float64.h:29:3:[m[K [01;36m[Knote: [m[K  no known conversion for argument 1 from ‘[01m[Kconst _x_type {aka const long int}[m[K’ to ‘[01m[Kconst std::allocator<void>&[m[K’
[01m[K/opt/ros/melodic/include/std_msgs/Float64.h:26:3:[m[K [01;36m[Knote: [m[Kcandidate: std_msgs::Float64_<ContainerAllocator>::Float64_() [with ContainerAllocator = std::allocator<void>]
   [01;36m[KFloat64_[m[K()
   [01;36m[K^~~~~~~~[m[K
[01m[K/opt/ros/melodic/include/std_msgs/Float64.h:26:3:[m[K [01;36m[Knote: [m[K  candidate expects 0 arguments, 1 provided
[01m[K/opt/ros/melodic/include/std_msgs/Float64.h:22:8:[m[K [01;36m[Knote: [m[Kcandidate: constexpr std_msgs::Float64_<std::allocator<void> >::Float64_(const std_msgs::Float64_<std::allocator<void> >&)
 struct [01;36m[KFloat64_[m[K
        [01;36m[K^~~~~~~~[m[K
[01m[K/opt/ros/melodic/include/std_msgs/Float64.h:22:8:[m[K [01;36m[Knote: [m[K  no known conversion for argument 1 from ‘[01m[Kconst _x_type {aka const long int}[m[K’ to ‘[01m[Kconst std_msgs::Float64_<std::allocator<void> >&[m[K’
[01m[K/opt/ros/melodic/include/std_msgs/Float64.h:22:8:[m[K [01;36m[Knote: [m[Kcandidate: constexpr std_msgs::Float64_<std::allocator<void> >::Float64_(std_msgs::Float64_<std::allocator<void> >&&)
[01m[K/opt/ros/melodic/include/std_msgs/Float64.h:22:8:[m[K [01;36m[Knote: [m[K  no known conversion for argument 1 from ‘[01m[Kconst _x_type {aka const long int}[m[K’ to ‘[01m[Kstd_msgs::Float64_<std::allocator<void> >&&[m[K’
[01m[K/home/lewis/tiago_openday_ws/src/open_day_robot/src/mover.cpp:24:51:[m[K [01;31m[Kerror: [m[K‘[01m[Kmsgs[m[K’ in namespace ‘[01m[Kstd[m[K’ does not name a type
         std_msgs::Float64 yPos = static_cast<std::[01;31m[Kmsgs[m[K::Float64>(msg->detections.data()->y);
                                                   [01;31m[K^~~~[m[K
[01m[K/home/lewis/tiago_openday_ws/src/open_day_robot/src/mover.cpp:24:55:[m[K [01;31m[Kerror: [m[Kexpected ‘[01m[K>[m[K’ before ‘[01m[K::[m[K’ token
         std_msgs::Float64 yPos = static_cast<std::msgs[01;31m[K::[m[KFloat64>(msg->detections.data()->y);
                                                       [01;31m[K^~[m[K
[01m[K/home/lewis/tiago_openday_ws/src/open_day_robot/src/mover.cpp:24:55:[m[K [01;31m[Kerror: [m[Kexpected ‘[01m[K([m[K’ before ‘[01m[K::[m[K’ token
[01m[K/home/lewis/tiago_openday_ws/src/open_day_robot/src/mover.cpp:24:57:[m[K [01;31m[Kerror: [m[K‘[01m[K::Float64[m[K’ has not been declared
         std_msgs::Float64 yPos = static_cast<std::msgs::[01;31m[KFloat64[m[K>(msg->detections.data()->y);
                                                         [01;31m[K^~~~~~~[m[K
[01m[K/home/lewis/tiago_openday_ws/src/open_day_robot/src/mover.cpp:24:57:[m[K [01;36m[Knote: [m[Ksuggested alternative:
In file included from [01m[K/home/lewis/tiago_openday_ws/src/open_day_robot/src/mover.cpp:5:0[m[K:
[01m[K/opt/ros/melodic/include/std_msgs/Float64.h:48:53:[m[K [01;36m[Knote: [m[K  ‘[01m[Kstd_msgs::Float64[m[K’
 typedef ::std_msgs::Float64_<std::allocator<void> > [01;36m[KFloat64[m[K;
                                                     [01;36m[K^~~~~~~[m[K
[01m[K/home/lewis/tiago_openday_ws/src/open_day_robot/src/mover.cpp:24:92:[m[K [01;31m[Kerror: [m[Kexpected ‘[01m[K)[m[K’ before ‘[01m[K;[m[K’ token
         std_msgs::Float64 yPos = static_cast<std::msgs::Float64>(msg->detections.data()->y)[01;31m[K;[m[K
                                                                                            [01;31m[K^[m[K
[01m[K/home/lewis/tiago_openday_ws/src/open_day_robot/src/mover.cpp:29:24:[m[K [01;31m[Kerror: [m[Kno match for ‘[01m[Koperator-[m[K’ (operand types are ‘[01m[Kstd_msgs::Float64 {aka std_msgs::Float64_<std::allocator<void> >}[m[K’ and ‘[01m[Kint[m[K’)
         moveToGoal([01;31m[KxPos-1[m[K, yPos-1);
                    [01;31m[K~~~~^~[m[K
In file included from [01m[K/usr/include/c++/7/deque:64:0[m[K,
                 from [01m[K/opt/ros/melodic/include/ros/callback_queue.h:63[m[K,
                 from [01m[K/opt/ros/melodic/include/actionlib/client/simple_action_client.h:46[m[K,
                 from [01m[K/home/lewis/tiago_openday_ws/src/open_day_robot/src/mover.cpp:4[m[K:
[01m[K/usr/include/c++/7/bits/stl_deque.h:363:5:[m[K [01;36m[Knote: [m[Kcandidate: template<class _Tp, class _RefL, class _PtrL, class _RefR, class _PtrR> typename std::_Deque_iterator<_Tp, _Ref, _Ptr>::difference_type std::operator-(const std::_Deque_iterator<_Tp, _Ref, _Ptr>&, const std::_Deque_iterator<_Tp, _RefR, _PtrR>&)
     [01;36m[Koperator[m[K-(const _Deque_iterator<_Tp, _RefL, _PtrL>& __x,
     [01;36m[K^~~~~~~~[m[K
[01m[K/usr/include/c++/7/bits/stl_deque.h:363:5:[m[K [01;36m[Knote: [m[K  template argument deduction/substitution failed:
[01m[K/home/lewis/tiago_openday_ws/src/open_day_robot/src/mover.cpp:29:25:[m[K [01;36m[Knote: [m[K  ‘[01m[Kstd_msgs::Float64 {aka std_msgs::Float64_<std::allocator<void> >}[m[K’ is not derived from ‘[01m[Kconst std::_Deque_iterator<_Tp, _Ref, _Ptr>[m[K’
         moveToGoal(xPos-[01;36m[K1[m[K, yPos-1);
                         [01;36m[K^[m[K
In file included from [01m[K/usr/include/c++/7/deque:64:0[m[K,
                 from [01m[K/opt/ros/melodic/include/ros/callback_queue.h:63[m[K,
                 from [01m[K/opt/ros/melodic/include/actionlib/client/simple_action_client.h:46[m[K,
                 from [01m[K/home/lewis/tiago_openday_ws/src/open_day_robot/src/mover.cpp:4[m[K:
[01m[K/usr/include/c++/7/bits/stl_deque.h:351:5:[m[K [01;36m[Knote: [m[Kcandidate: template<class _Tp, class _Ref, class _Ptr> typename std::_Deque_iterator<_Tp, _Ref, _Ptr>::difference_type std::operator-(const std::_Deque_iterator<_Tp, _Ref, _Ptr>&, const std::_Deque_iterator<_Tp, _Ref, _Ptr>&)
     [01;36m[Koperator[m[K-(const _Deque_iterator<_Tp, _Ref, _Ptr>& __x,
     [01;36m[K^~~~~~~~[m[K
[01m[K/usr/include/c++/7/bits/stl_deque.h:351:5:[m[K [01;36m[Knote: [m[K  template argument deduction/substitution failed:
[01m[K/home/lewis/tiago_openday_ws/src/open_day_robot/src/mover.cpp:29:25:[m[K [01;36m[Knote: [m[K  ‘[01m[Kstd_msgs::Float64 {aka std_msgs::Float64_<std::allocator<void> >}[m[K’ is not derived from ‘[01m[Kconst std::_Deque_iterator<_Tp, _Ref, _Ptr>[m[K’
         moveToGoal(xPos-[01;36m[K1[m[K, yPos-1);
                         [01;36m[K^[m[K
In file included from [01m[K/usr/include/c++/7/vector:65:0[m[K,
                 from [01m[K/usr/include/boost/math/special_functions/math_fwd.hpp:26[m[K,
                 from [01m[K/usr/include/boost/math/special_functions/round.hpp:15[m[K,
                 from [01m[K/opt/ros/melodic/include/ros/time.h:58[m[K,
                 from [01m[K/opt/ros/melodic/include/ros/ros.h:38[m[K,
                 from [01m[K/home/lewis/tiago_openday_ws/src/open_day_robot/src/mover.cpp:1[m[K:
[01m[K/usr/include/c++/7/bits/stl_bvector.h:208:3:[m[K [01;36m[Knote: [m[Kcandidate: std::ptrdiff_t std::operator-(const std::_Bit_iterator_base&, const std::_Bit_iterator_base&)
   [01;36m[Koperator[m[K-(const _Bit_iterator_base& __x, const _Bit_iterator_base& __y)
   [01;36m[K^~~~~~~~[m[K
[01m[K/usr/include/c++/7/bits/stl_bvector.h:208:3:[m[K [01;36m[Knote: [m[K  no known conversion for argument 1 from ‘[01m[Kstd_msgs::Float64 {aka std_msgs::Float64_<std::allocator<void> >}[m[K’ to ‘[01m[Kconst std::_Bit_iterator_base&[m[K’
In file included from [01m[K/usr/include/boost/config/no_tr1/complex.hpp:21:0[m[K,
                 from [01m[K/usr/include/boost/math/policies/error_handling.hpp:17[m[K,
                 from [01m[K/usr/include/boost/math/special_functions/round.hpp:14[m[K,
                 from [01m[K/opt/ros/melodic/include/ros/time.h:58[m[K,
                 from [01m[K/opt/ros/melodic/include/ros/ros.h:38[m[K,
                 from [01m[K/home/lewis/tiago_openday_ws/src/open_day_robot/src/mover.cpp:1[m[K:
[01m[K/usr/include/c++/7/complex:451:5:[m[K [01;36m[Knote: [m[Kcandidate: template<class _Tp> std::complex<_Tp> std::operator-(const std::complex<_Tp>&)
     [01;36m[Koperator[m[K-(const complex<_Tp>& __x)
     [01;36m[K^~~~~~~~[m[K
[01m[K/usr/include/c++/7/complex:451:5:[m[K [01;36m[Knote: [m[K  template argument deduction/substitution failed:
[01m[K/home/lewis/tiago_openday_ws/src/open_day_robot/src/mover.cpp:29:25:[m[K [01;36m[Knote: [m[K  ‘[01m[Kstd_msgs::Float64 {aka std_msgs::Float64_<std::allocator<void> >}[m[K’ is not derived from ‘[01m[Kconst std::complex<_Tp>[m[K’
         moveToGoal(xPos-[01;36m[K1[m[K, yPos-1);
                         [01;36m[K^[m[K
In file included from [01m[K/usr/include/boost/config/no_tr1/complex.hpp:21:0[m[K,
                 from [01m[K/usr/include/boost/math/policies/error_handling.hpp:17[m[K,
                 from [01m[K/usr/include/boost/math/special_functions/round.hpp:14[m[K,
                 from [01m[K/opt/ros/melodic/include/ros/time.h:58[m[K,
                 from [01m[K/opt/ros/melodic/include/ros/ros.h:38[m[K,
                 from [01m[K/home/lewis/tiago_openday_ws/src/open_day_robot/src/mover.cpp:1[m[K:
[01m[K/usr/include/c++/7/complex:374:5:[m[K [01;36m[Knote: [m[Kcandidate: template<class _Tp> std::complex<_Tp> std::operator-(const _Tp&, const std::complex<_Tp>&)
     [01;36m[Koperator[m[K-(const _Tp& __x, const complex<_Tp>& __y)
     [01;36m[K^~~~~~~~[m[K
[01m[K/usr/include/c++/7/complex:374:5:[m[K [01;36m[Knote: [m[K  template argument deduction/substitution failed:
[01m[K/home/lewis/tiago_openday_ws/src/open_day_robot/src/mover.cpp:29:25:[m[K [01;36m[Knote: [m[K  mismatched types ‘[01m[Kconst std::complex<_Tp>[m[K’ and ‘[01m[Kint[m[K’
         moveToGoal(xPos-[01;36m[K1[m[K, yPos-1);
                         [01;36m[K^[m[K
In file included from [01m[K/usr/include/boost/config/no_tr1/complex.hpp:21:0[m[K,
                 from [01m[K/usr/include/boost/math/policies/error_handling.hpp:17[m[K,
                 from [01m[K/usr/include/boost/math/special_functions/round.hpp:14[m[K,
                 from [01m[K/opt/ros/melodic/include/ros/time.h:58[m[K,
                 from [01m[K/opt/ros/melodic/include/ros/ros.h:38[m[K,
                 from [01m[K/home/lewis/tiago_openday_ws/src/open_day_robot/src/mover.cpp:1[m[K:
[01m[K/usr/include/c++/7/complex:365:5:[m[K [01;36m[Knote: [m[Kcandidate: template<class _Tp> std::complex<_Tp> std::operator-(const std::complex<_Tp>&, const _Tp&)
     [01;36m[Koperator[m[K-(const complex<_Tp>& __x, const _Tp& __y)
     [01;36m[K^~~~~~~~[m[K
[01m[K/usr/include/c++/7/complex:365:5:[m[K [01;36m[Knote: [m[K  template argument deduction/substitution failed:
[01m[K/home/lewis/tiago_openday_ws/src/open_day_robot/src/mover.cpp:29:25:[m[K [01;36m[Knote: [m[K  ‘[01m[Kstd_msgs::Float64 {aka std_msgs::Float64_<std::allocator<void> >}[m[K’ is not derived from ‘[01m[Kconst std::complex<_Tp>[m[K’
         moveToGoal(xPos-[01;36m[K1[m[K, yPos-1);
                         [01;36m[K^[m[K
In file included from [01m[K/usr/include/boost/config/no_tr1/complex.hpp:21:0[m[K,
                 from [01m[K/usr/include/boost/math/policies/error_handling.hpp:17[m[K,
                 from [01m[K/usr/include/boost/math/special_functions/round.hpp:14[m[K,
                 from [01m[K/opt/ros/melodic/include/ros/time.h:58[m[K,
                 from [01m[K/opt/ros/melodic/include/ros/ros.h:38[m[K,
                 from [01m[K/home/lewis/tiago_openday_ws/src/open_day_robot/src/mover.cpp:1[m[K:
[01m[K/usr/include/c++/7/complex:356:5:[m[K [01;36m[Knote: [m[Kcandidate: template<class _Tp> std::complex<_Tp> std::operator-(const std::complex<_Tp>&, const std::complex<_Tp>&)
     [01;36m[Koperator[m[K-(const complex<_Tp>& __x, const complex<_Tp>& __y)
     [01;36m[K^~~~~~~~[m[K
[01m[K/usr/include/c++/7/complex:356:5:[m[K [01;36m[Knote: [m[K  template argument deduction/substitution failed:
[01m[K/home/lewis/tiago_openday_ws/src/open_day_robot/src/mover.cpp:29:25:[m[K [01;36m[Knote: [m[K  ‘[01m[Kstd_msgs::Float64 {aka std_msgs::Float64_<std::allocator<void> >}[m[K’ is not derived from ‘[01m[Kconst std::complex<_Tp>[m[K’
         moveToGoal(xPos-[01;36m[K1[m[K, yPos-1);
                         [01;36m[K^[m[K
In file included from [01m[K/usr/include/c++/7/bits/stl_algobase.h:67:0[m[K,
                 from [01m[K/usr/include/c++/7/bits/char_traits.h:39[m[K,
                 from [01m[K/usr/include/c++/7/string:40[m[K,
                 from [01m[K/opt/ros/melodic/include/ros/platform.h:38[m[K,
                 from [01m[K/opt/ros/melodic/include/ros/time.h:53[m[K,
                 from [01m[K/opt/ros/melodic/include/ros/ros.h:38[m[K,
                 from [01m[K/home/lewis/tiago_openday_ws/src/open_day_robot/src/mover.cpp:1[m[K:
[01m[K/usr/include/c++/7/bits/stl_iterator.h:1194:5:[m[K [01;36m[Knote: [m[Kcandidate: template<class _IteratorL, class _IteratorR> decltype ((__x.base() - __y.base())) std::operator-(const std::move_iterator<_IteratorL>&, const std::move_iterator<_IteratorR>&)
     [01;36m[Koperator[m[K-(const move_iterator<_IteratorL>& __x,
     [01;36m[K^~~~~~~~[m[K
[01m[K/usr/include/c++/7/bits/stl_iterator.h:1194:5:[m[K [01;36m[Knote: [m[K  template argument deduction/substitution failed:
[01m[K/home/lewis/tiago_openday_ws/src/open_day_robot/src/mover.cpp:29:25:[m[K [01;36m[Knote: [m[K  ‘[01m[Kstd_msgs::Float64 {aka std_msgs::Float64_<std::allocator<void> >}[m[K’ is not derived from ‘[01m[Kconst std::move_iterator<_IteratorL>[m[K’
         moveToGoal(xPos-[01;36m[K1[m[K, yPos-1);
                         [01;36m[K^[m[K
In file included from [01m[K/usr/include/c++/7/bits/stl_algobase.h:67:0[m[K,
                 from [01m[K/usr/include/c++/7/bits/char_traits.h:39[m[K,
                 from [01m[K/usr/include/c++/7/string:40[m[K,
                 from [01m[K/opt/ros/melodic/include/ros/platform.h:38[m[K,
                 from [01m[K/opt/ros/melodic/include/ros/time.h:53[m[K,
                 from [01m[K/opt/ros/melodic/include/ros/ros.h:38[m[K,
                 from [01m[K/home/lewis/tiago_openday_ws/src/open_day_robot/src/mover.cpp:1[m[K:
[01m[K/usr/include/c++/7/bits/stl_iterator.h:392:5:[m[K [01;36m[Knote: [m[Kcandidate: template<class _IteratorL, class _IteratorR> decltype ((__y.base() - __x.base())) std::operator-(const std::reverse_iterator<_Iterator>&, const std::reverse_iterator<_IteratorR>&)
     [01;36m[Koperator[m[K-(const reverse_iterator<_IteratorL>& __x,
     [01;36m[K^~~~~~~~[m[K
[01m[K/usr/include/c++/7/bits/stl_iterator.h:392:5:[m[K [01;36m[Knote: [m[K  template argument deduction/substitution failed:
[01m[K/home/lewis/tiago_openday_ws/src/open_day_robot/src/mover.cpp:29:25:[m[K [01;36m[Knote: [m[K  ‘[01m[Kstd_msgs::Float64 {aka std_msgs::Float64_<std::allocator<void> >}[m[K’ is not derived from ‘[01m[Kconst std::reverse_iterator<_Iterator>[m[K’
         moveToGoal(xPos-[01;36m[K1[m[K, yPos-1);
                         [01;36m[K^[m[K
[01m[K/home/lewis/tiago_openday_ws/src/open_day_robot/src/mover.cpp:29:32:[m[K [01;31m[Kerror: [m[Kno match for ‘[01m[Koperator-[m[K’ (operand types are ‘[01m[Kstd_msgs::Float64 {aka std_msgs::Float64_<std::allocator<void> >}[m[K’ and ‘[01m[Kint[m[K’)
         moveToGoal(xPos-1, [01;31m[KyPos-1[m[K);
                            [01;31m[K~~~~^~[m[K
In file included from [01m[K/usr/include/c++/7/deque:64:0[m[K,
                 from [01m[K/opt/ros/melodic/include/ros/callback_queue.h:63[m[K,
                 from [01m[K/opt/ros/melodic/include/actionlib/client/simple_action_client.h:46[m[K,
                 from [01m[K/home/lewis/tiago_openday_ws/src/open_day_robot/src/mover.cpp:4[m[K:
[01m[K/usr/include/c++/7/bits/stl_deque.h:363:5:[m[K [01;36m[Knote: [m[Kcandidate: template<class _Tp, class _RefL, class _PtrL, class _RefR, class _PtrR> typename std::_Deque_iterator<_Tp, _Ref, _Ptr>::difference_type std::operator-(const std::_Deque_iterator<_Tp, _Ref, _Ptr>&, const std::_Deque_iterator<_Tp, _RefR, _PtrR>&)
     [01;36m[Koperator[m[K-(const _Deque_iterator<_Tp, _RefL, _PtrL>& __x,
     [01;36m[K^~~~~~~~[m[K
[01m[K/usr/include/c++/7/bits/stl_deque.h:363:5:[m[K [01;36m[Knote: [m[K  template argument deduction/substitution failed:
[01m[K/home/lewis/tiago_openday_ws/src/open_day_robot/src/mover.cpp:29:33:[m[K [01;36m[Knote: [m[K  ‘[01m[Kstd_msgs::Float64 {aka std_msgs::Float64_<std::allocator<void> >}[m[K’ is not derived from ‘[01m[Kconst std::_Deque_iterator<_Tp, _Ref, _Ptr>[m[K’
         moveToGoal(xPos-1, yPos-[01;36m[K1[m[K);
                                 [01;36m[K^[m[K
In file included from [01m[K/usr/include/c++/7/deque:64:0[m[K,
                 from [01m[K/opt/ros/melodic/include/ros/callback_queue.h:63[m[K,
                 from [01m[K/opt/ros/melodic/include/actionlib/client/simple_action_client.h:46[m[K,
                 from [01m[K/home/lewis/tiago_openday_ws/src/open_day_robot/src/mover.cpp:4[m[K:
[01m[K/usr/include/c++/7/bits/stl_deque.h:351:5:[m[K [01;36m[Knote: [m[Kcandidate: template<class _Tp, class _Ref, class _Ptr> typename std::_Deque_iterator<_Tp, _Ref, _Ptr>::difference_type std::operator-(const std::_Deque_iterator<_Tp, _Ref, _Ptr>&, const std::_Deque_iterator<_Tp, _Ref, _Ptr>&)
     [01;36m[Koperator[m[K-(const _Deque_iterator<_Tp, _Ref, _Ptr>& __x,
     [01;36m[K^~~~~~~~[m[K
[01m[K/usr/include/c++/7/bits/stl_deque.h:351:5:[m[K [01;36m[Knote: [m[K  template argument deduction/substitution failed:
[01m[K/home/lewis/tiago_openday_ws/src/open_day_robot/src/mover.cpp:29:33:[m[K [01;36m[Knote: [m[K  ‘[01m[Kstd_msgs::Float64 {aka std_msgs::Float64_<std::allocator<void> >}[m[K’ is not derived from ‘[01m[Kconst std::_Deque_iterator<_Tp, _Ref, _Ptr>[m[K’
         moveToGoal(xPos-1, yPos-[01;36m[K1[m[K);
                                 [01;36m[K^[m[K
In file included from [01m[K/usr/include/c++/7/vector:65:0[m[K,
                 from [01m[K/usr/include/boost/math/special_functions/math_fwd.hpp:26[m[K,
                 from [01m[K/usr/include/boost/math/special_functions/round.hpp:15[m[K,
                 from [01m[K/opt/ros/melodic/include/ros/time.h:58[m[K,
                 from [01m[K/opt/ros/melodic/include/ros/ros.h:38[m[K,
                 from [01m[K/home/lewis/tiago_openday_ws/src/open_day_robot/src/mover.cpp:1[m[K:
[01m[K/usr/include/c++/7/bits/stl_bvector.h:208:3:[m[K [01;36m[Knote: [m[Kcandidate: std::ptrdiff_t std::operator-(const std::_Bit_iterator_base&, const std::_Bit_iterator_base&)
   [01;36m[Koperator[m[K-(const _Bit_iterator_base& __x, const _Bit_iterator_base& __y)
   [01;36m[K^~~~~~~~[m[K
[01m[K/usr/include/c++/7/bits/stl_bvector.h:208:3:[m[K [01;36m[Knote: [m[K  no known conversion for argument 1 from ‘[01m[Kstd_msgs::Float64 {aka std_msgs::Float64_<std::allocator<void> >}[m[K’ to ‘[01m[Kconst std::_Bit_iterator_base&[m[K’
In file included from [01m[K/usr/include/boost/config/no_tr1/complex.hpp:21:0[m[K,
                 from [01m[K/usr/include/boost/math/policies/error_handling.hpp:17[m[K,
                 from [01m[K/usr/include/boost/math/special_functions/round.hpp:14[m[K,
                 from [01m[K/opt/ros/melodic/include/ros/time.h:58[m[K,
                 from [01m[K/opt/ros/melodic/include/ros/ros.h:38[m[K,
                 from [01m[K/home/lewis/tiago_openday_ws/src/open_day_robot/src/mover.cpp:1[m[K:
[01m[K/usr/include/c++/7/complex:451:5:[m[K [01;36m[Knote: [m[Kcandidate: template<class _Tp> std::complex<_Tp> std::operator-(const std::complex<_Tp>&)
     [01;36m[Koperator[m[K-(const complex<_Tp>& __x)
     [01;36m[K^~~~~~~~[m[K
[01m[K/usr/include/c++/7/complex:451:5:[m[K [01;36m[Knote: [m[K  template argument deduction/substitution failed:
[01m[K/home/lewis/tiago_openday_ws/src/open_day_robot/src/mover.cpp:29:33:[m[K [01;36m[Knote: [m[K  ‘[01m[Kstd_msgs::Float64 {aka std_msgs::Float64_<std::allocator<void> >}[m[K’ is not derived from ‘[01m[Kconst std::complex<_Tp>[m[K’
         moveToGoal(xPos-1, yPos-[01;36m[K1[m[K);
                                 [01;36m[K^[m[K
In file included from [01m[K/usr/include/boost/config/no_tr1/complex.hpp:21:0[m[K,
                 from [01m[K/usr/include/boost/math/policies/error_handling.hpp:17[m[K,
                 from [01m[K/usr/include/boost/math/special_functions/round.hpp:14[m[K,
                 from [01m[K/opt/ros/melodic/include/ros/time.h:58[m[K,
                 from [01m[K/opt/ros/melodic/include/ros/ros.h:38[m[K,
                 from [01m[K/home/lewis/tiago_openday_ws/src/open_day_robot/src/mover.cpp:1[m[K:
[01m[K/usr/include/c++/7/complex:374:5:[m[K [01;36m[Knote: [m[Kcandidate: template<class _Tp> std::complex<_Tp> std::operator-(const _Tp&, const std::complex<_Tp>&)
     [01;36m[Koperator[m[K-(const _Tp& __x, const complex<_Tp>& __y)
     [01;36m[K^~~~~~~~[m[K
[01m[K/usr/include/c++/7/complex:374:5:[m[K [01;36m[Knote: [m[K  template argument deduction/substitution failed:
[01m[K/home/lewis/tiago_openday_ws/src/open_day_robot/src/mover.cpp:29:33:[m[K [01;36m[Knote: [m[K  mismatched types ‘[01m[Kconst std::complex<_Tp>[m[K’ and ‘[01m[Kint[m[K’
         moveToGoal(xPos-1, yPos-[01;36m[K1[m[K);
                                 [01;36m[K^[m[K
In file included from [01m[K/usr/include/boost/config/no_tr1/complex.hpp:21:0[m[K,
                 from [01m[K/usr/include/boost/math/policies/error_handling.hpp:17[m[K,
                 from [01m[K/usr/include/boost/math/special_functions/round.hpp:14[m[K,
                 from [01m[K/opt/ros/melodic/include/ros/time.h:58[m[K,
                 from [01m[K/opt/ros/melodic/include/ros/ros.h:38[m[K,
                 from [01m[K/home/lewis/tiago_openday_ws/src/open_day_robot/src/mover.cpp:1[m[K:
[01m[K/usr/include/c++/7/complex:365:5:[m[K [01;36m[Knote: [m[Kcandidate: template<class _Tp> std::complex<_Tp> std::operator-(const std::complex<_Tp>&, const _Tp&)
     [01;36m[Koperator[m[K-(const complex<_Tp>& __x, const _Tp& __y)
     [01;36m[K^~~~~~~~[m[K
[01m[K/usr/include/c++/7/complex:365:5:[m[K [01;36m[Knote: [m[K  template argument deduction/substitution failed:
[01m[K/home/lewis/tiago_openday_ws/src/open_day_robot/src/mover.cpp:29:33:[m[K [01;36m[Knote: [m[K  ‘[01m[Kstd_msgs::Float64 {aka std_msgs::Float64_<std::allocator<void> >}[m[K’ is not derived from ‘[01m[Kconst std::complex<_Tp>[m[K’
         moveToGoal(xPos-1, yPos-[01;36m[K1[m[K);
                                 [01;36m[K^[m[K
In file included from [01m[K/usr/include/boost/config/no_tr1/complex.hpp:21:0[m[K,
                 from [01m[K/usr/include/boost/math/policies/error_handling.hpp:17[m[K,
                 from [01m[K/usr/include/boost/math/special_functions/round.hpp:14[m[K,
                 from [01m[K/opt/ros/melodic/include/ros/time.h:58[m[K,
                 from [01m[K/opt/ros/melodic/include/ros/ros.h:38[m[K,
                 from [01m[K/home/lewis/tiago_openday_ws/src/open_day_robot/src/mover.cpp:1[m[K:
[01m[K/usr/include/c++/7/complex:356:5:[m[K [01;36m[Knote: [m[Kcandidate: template<class _Tp> std::complex<_Tp> std::operator-(const std::complex<_Tp>&, const std::complex<_Tp>&)
     [01;36m[Koperator[m[K-(const complex<_Tp>& __x, const complex<_Tp>& __y)
     [01;36m[K^~~~~~~~[m[K
[01m[K/usr/include/c++/7/complex:356:5:[m[K [01;36m[Knote: [m[K  template argument deduction/substitution failed:
[01m[K/home/lewis/tiago_openday_ws/src/open_day_robot/src/mover.cpp:29:33:[m[K [01;36m[Knote: [m[K  ‘[01m[Kstd_msgs::Float64 {aka std_msgs::Float64_<std::allocator<void> >}[m[K’ is not derived from ‘[01m[Kconst std::complex<_Tp>[m[K’
         moveToGoal(xPos-1, yPos-[01;36m[K1[m[K);
                                 [01;36m[K^[m[K
In file included from [01m[K/usr/include/c++/7/bits/stl_algobase.h:67:0[m[K,
                 from [01m[K/usr/include/c++/7/bits/char_traits.h:39[m[K,
                 from [01m[K/usr/include/c++/7/string:40[m[K,
                 from [01m[K/opt/ros/melodic/include/ros/platform.h:38[m[K,
                 from [01m[K/opt/ros/melodic/include/ros/time.h:53[m[K,
                 from [01m[K/opt/ros/melodic/include/ros/ros.h:38[m[K,
                 from [01m[K/home/lewis/tiago_openday_ws/src/open_day_robot/src/mover.cpp:1[m[K:
[01m[K/usr/include/c++/7/bits/stl_iterator.h:1194:5:[m[K [01;36m[Knote: [m[Kcandidate: template<class _IteratorL, class _IteratorR> decltype ((__x.base() - __y.base())) std::operator-(const std::move_iterator<_IteratorL>&, const std::move_iterator<_IteratorR>&)
     [01;36m[Koperator[m[K-(const move_iterator<_IteratorL>& __x,
     [01;36m[K^~~~~~~~[m[K
[01m[K/usr/include/c++/7/bits/stl_iterator.h:1194:5:[m[K [01;36m[Knote: [m[K  template argument deduction/substitution failed:
[01m[K/home/lewis/tiago_openday_ws/src/open_day_robot/src/mover.cpp:29:33:[m[K [01;36m[Knote: [m[K  ‘[01m[Kstd_msgs::Float64 {aka std_msgs::Float64_<std::allocator<void> >}[m[K’ is not derived from ‘[01m[Kconst std::move_iterator<_IteratorL>[m[K’
         moveToGoal(xPos-1, yPos-[01;36m[K1[m[K);
                                 [01;36m[K^[m[K
In file included from [01m[K/usr/include/c++/7/bits/stl_algobase.h:67:0[m[K,
                 from [01m[K/usr/include/c++/7/bits/char_traits.h:39[m[K,
                 from [01m[K/usr/include/c++/7/string:40[m[K,
                 from [01m[K/opt/ros/melodic/include/ros/platform.h:38[m[K,
                 from [01m[K/opt/ros/melodic/include/ros/time.h:53[m[K,
                 from [01m[K/opt/ros/melodic/include/ros/ros.h:38[m[K,
                 from [01m[K/home/lewis/tiago_openday_ws/src/open_day_robot/src/mover.cpp:1[m[K:
[01m[K/usr/include/c++/7/bits/stl_iterator.h:392:5:[m[K [01;36m[Knote: [m[Kcandidate: template<class _IteratorL, class _IteratorR> decltype ((__y.base() - __x.base())) std::operator-(const std::reverse_iterator<_Iterator>&, const std::reverse_iterator<_IteratorR>&)
     [01;36m[Koperator[m[K-(const reverse_iterator<_IteratorL>& __x,
     [01;36m[K^~~~~~~~[m[K
[01m[K/usr/include/c++/7/bits/stl_iterator.h:392:5:[m[K [01;36m[Knote: [m[K  template argument deduction/substitution failed:
[01m[K/home/lewis/tiago_openday_ws/src/open_day_robot/src/mover.cpp:29:33:[m[K [01;36m[Knote: [m[K  ‘[01m[Kstd_msgs::Float64 {aka std_msgs::Float64_<std::allocator<void> >}[m[K’ is not derived from ‘[01m[Kconst std::reverse_iterator<_Iterator>[m[K’
         moveToGoal(xPos-1, yPos-[01;36m[K1[m[K);
                                 [01;36m[K^[m[K
[01m[K/home/lewis/tiago_openday_ws/src/open_day_robot/src/mover.cpp:[m[K In function ‘[01m[Kbool moveToGoal(std_msgs::Float64, std_msgs::Float64)[m[K’:
[01m[K/home/lewis/tiago_openday_ws/src/open_day_robot/src/mover.cpp:57:41:[m[K [01;31m[Kerror: [m[Kcannot convert ‘[01m[Kstd_msgs::Float64 {aka std_msgs::Float64_<std::allocator<void> >}[m[K’ to ‘[01m[Kgeometry_msgs::Point_<std::allocator<void> >::_x_type {aka double}[m[K’ in assignment
     goal.target_pose.pose.position.x =  [01;31m[KxGoal[m[K;
                                         [01;31m[K^~~~~[m[K
[01m[K/home/lewis/tiago_openday_ws/src/open_day_robot/src/mover.cpp:58:41:[m[K [01;31m[Kerror: [m[Kcannot convert ‘[01m[Kstd_msgs::Float64 {aka std_msgs::Float64_<std::allocator<void> >}[m[K’ to ‘[01m[Kgeometry_msgs::Point_<std::allocator<void> >::_y_type {aka double}[m[K’ in assignment
     goal.target_pose.pose.position.y =  [01;31m[KyGoal[m[K;
                                         [01;31m[K^~~~~[m[K
make[2]: *** [CMakeFiles/mover.dir/src/mover.cpp.o] Error 1
make[1]: *** [CMakeFiles/mover.dir/all] Error 2
make: *** [all] Error 2
