[35m[1mScanning dependencies of target personDetection[0m
[ 50%] [32mBuilding CXX object CMakeFiles/personDetection.dir/src/personDetection.cpp.o[0m
In file included from [01m[K/opt/ros/melodic/include/ros/ros.h:40:0[m[K,
                 from [01m[K/home/lewis/tiago_openday_ws/src/open_day_robot/src/personDetection.cpp:1[m[K:
[01m[K/home/lewis/tiago_openday_ws/src/open_day_robot/src/personDetection.cpp:[m[K In function ‘[01m[Kvoid chatterCallBack(const ConstPtr&)[m[K’:
[01m[K/home/lewis/tiago_openday_ws/src/open_day_robot/src/personDetection.cpp:7:30:[m[K [01;31m[Kerror: [m[K‘[01m[Kconst _detections_type {aka const class std::vector<pal_detection_msgs::Detection2d_<std::allocator<void> >, std::allocator<pal_detection_msgs::Detection2d_<std::allocator<void> > > >}[m[K’ has no member named ‘[01m[Kx[m[K’
     ROS_INFO(msg->detections.[01;31m[Kx[m[K);
                              [01;31m[K^[m[K
[01m[K/opt/ros/melodic/include/ros/console.h:348:165:[m[K [01;36m[Knote: [m[Kin definition of macro ‘[01m[KROSCONSOLE_PRINT_AT_LOCATION_WITH_FILTER[m[K’
     ::ros::console::print(filter, __rosconsole_define_location__loc.logger_, __rosconsole_define_location__loc.level_, __FILE__, __LINE__, __ROSCONSOLE_FUNCTION__, [01;36m[K__VA_ARGS__[m[K)
                                                                                                                                                                     [01;36m[K^~~~~~~~~~~[m[K
[01m[K/opt/ros/melodic/include/ros/console.h:387:7:[m[K [01;36m[Knote: [m[Kin expansion of macro ‘[01m[KROSCONSOLE_PRINT_AT_LOCATION[m[K’
       [01;36m[KROSCONSOLE_PRINT_AT_LOCATION[m[K(__VA_ARGS__); \
       [01;36m[K^~~~~~~~~~~~~~~~~~~~~~~~~~~~[m[K
[01m[K/opt/ros/melodic/include/ros/console.h:572:35:[m[K [01;36m[Knote: [m[Kin expansion of macro ‘[01m[KROS_LOG_COND[m[K’
 #define ROS_LOG(level, name, ...) [01;36m[KROS_LOG_COND[m[K(true, level, name, __VA_ARGS__)
                                   [01;36m[K^~~~~~~~~~~~[m[K
[01m[K/opt/ros/melodic/include/rosconsole/macros_generated.h:110:23:[m[K [01;36m[Knote: [m[Kin expansion of macro ‘[01m[KROS_LOG[m[K’
 #define ROS_INFO(...) [01;36m[KROS_LOG[m[K(::ros::console::levels::Info, ROSCONSOLE_DEFAULT_NAME, __VA_ARGS__)
                       [01;36m[K^~~~~~~[m[K
[01m[K/home/lewis/tiago_openday_ws/src/open_day_robot/src/personDetection.cpp:7:5:[m[K [01;36m[Knote: [m[Kin expansion of macro ‘[01m[KROS_INFO[m[K’
     [01;36m[KR[m[KOS_INFO(msg->detections.x);
     [01;36m[K^[m[K
[01m[K/home/lewis/tiago_openday_ws/src/open_day_robot/src/personDetection.cpp:8:30:[m[K [01;31m[Kerror: [m[K‘[01m[Kconst _detections_type {aka const class std::vector<pal_detection_msgs::Detection2d_<std::allocator<void> >, std::allocator<pal_detection_msgs::Detection2d_<std::allocator<void> > > >}[m[K’ has no member named ‘[01m[Kx[m[K’
     ROS_INFO(msg->detections.[01;31m[Kx[m[K);
                              [01;31m[K^[m[K
[01m[K/opt/ros/melodic/include/ros/console.h:348:165:[m[K [01;36m[Knote: [m[Kin definition of macro ‘[01m[KROSCONSOLE_PRINT_AT_LOCATION_WITH_FILTER[m[K’
     ::ros::console::print(filter, __rosconsole_define_location__loc.logger_, __rosconsole_define_location__loc.level_, __FILE__, __LINE__, __ROSCONSOLE_FUNCTION__, [01;36m[K__VA_ARGS__[m[K)
                                                                                                                                                                     [01;36m[K^~~~~~~~~~~[m[K
[01m[K/opt/ros/melodic/include/ros/console.h:387:7:[m[K [01;36m[Knote: [m[Kin expansion of macro ‘[01m[KROSCONSOLE_PRINT_AT_LOCATION[m[K’
       [01;36m[KROSCONSOLE_PRINT_AT_LOCATION[m[K(__VA_ARGS__); \
       [01;36m[K^~~~~~~~~~~~~~~~~~~~~~~~~~~~[m[K
[01m[K/opt/ros/melodic/include/ros/console.h:572:35:[m[K [01;36m[Knote: [m[Kin expansion of macro ‘[01m[KROS_LOG_COND[m[K’
 #define ROS_LOG(level, name, ...) [01;36m[KROS_LOG_COND[m[K(true, level, name, __VA_ARGS__)
                                   [01;36m[K^~~~~~~~~~~~[m[K
[01m[K/opt/ros/melodic/include/rosconsole/macros_generated.h:110:23:[m[K [01;36m[Knote: [m[Kin expansion of macro ‘[01m[KROS_LOG[m[K’
 #define ROS_INFO(...) [01;36m[KROS_LOG[m[K(::ros::console::levels::Info, ROSCONSOLE_DEFAULT_NAME, __VA_ARGS__)
                       [01;36m[K^~~~~~~[m[K
[01m[K/home/lewis/tiago_openday_ws/src/open_day_robot/src/personDetection.cpp:8:5:[m[K [01;36m[Knote: [m[Kin expansion of macro ‘[01m[KROS_INFO[m[K’
     [01;36m[KR[m[KOS_INFO(msg->detections.x);
     [01;36m[K^[m[K
CMakeFiles/personDetection.dir/build.make:62: recipe for target 'CMakeFiles/personDetection.dir/src/personDetection.cpp.o' failed
make[2]: *** [CMakeFiles/personDetection.dir/src/personDetection.cpp.o] Error 1
make[1]: *** [CMakeFiles/personDetection.dir/all] Error 2
make: *** [all] Error 2
CMakeFiles/Makefile2:67: recipe for target 'CMakeFiles/personDetection.dir/all' failed
Makefile:140: recipe for target 'all' failed
