[01m[K/home/lewis/tiago_openday_ws/src/open_day_robot/src/navGoal.cpp:[m[K In function ‘[01m[Kint main(int, char**)[m[K’:
[01m[K/home/lewis/tiago_openday_ws/src/open_day_robot/src/navGoal.cpp:14:12:[m[K [01;31m[Kerror: [m[K‘[01m[Kclient[m[K’ was not declared in this scope
     while(![01;31m[Kclient[m[K.waitForServer(ros::Duration(5.0))){
            [01;31m[K^~~~~~[m[K
[01m[K/home/lewis/tiago_openday_ws/src/open_day_robot/src/navGoal.cpp:14:12:[m[K [01;36m[Knote: [m[Ksuggested alternative: ‘[01m[Kcsinq[m[K’
     while(![01;36m[Kclient[m[K.waitForServer(ros::Duration(5.0))){
            [01;36m[K^~~~~~[m[K
            [32m[Kcsinq[m[K
[01m[K/home/lewis/tiago_openday_ws/src/open_day_robot/src/navGoal.cpp:21:10:[m[K [01;31m[Kerror: [m[K‘[01m[Kmove_base_msgs::MoveBaseActionGoal {aka struct move_base_msgs::MoveBaseActionGoal_<std::allocator<void> >}[m[K’ has no member named ‘[01m[Ktarget_pose[m[K’
     goal.[01;31m[Ktarget_pose[m[K.header.frame_id = "base_link";
          [01;31m[K^~~~~~~~~~~[m[K
[01m[K/home/lewis/tiago_openday_ws/src/open_day_robot/src/navGoal.cpp:22:10:[m[K [01;31m[Kerror: [m[K‘[01m[Kmove_base_msgs::MoveBaseActionGoal {aka struct move_base_msgs::MoveBaseActionGoal_<std::allocator<void> >}[m[K’ has no member named ‘[01m[Ktarget_pose[m[K’
     goal.[01;31m[Ktarget_pose[m[K.header.stamp = ros::Time::now();
          [01;31m[K^~~~~~~~~~~[m[K
[01m[K/home/lewis/tiago_openday_ws/src/open_day_robot/src/navGoal.cpp:24:10:[m[K [01;31m[Kerror: [m[K‘[01m[Kmove_base_msgs::MoveBaseActionGoal {aka struct move_base_msgs::MoveBaseActionGoal_<std::allocator<void> >}[m[K’ has no member named ‘[01m[Ktarget_pose[m[K’
     goal.[01;31m[Ktarget_pose[m[K.pose.position.x = 1.0;
          [01;31m[K^~~~~~~~~~~[m[K
[01m[K/home/lewis/tiago_openday_ws/src/open_day_robot/src/navGoal.cpp:25:10:[m[K [01;31m[Kerror: [m[K‘[01m[Kmove_base_msgs::MoveBaseActionGoal {aka struct move_base_msgs::MoveBaseActionGoal_<std::allocator<void> >}[m[K’ has no member named ‘[01m[Ktarget_pose[m[K’
     goal.[01;31m[Ktarget_pose[m[K.pose.orientation.w = 1.0;
          [01;31m[K^~~~~~~~~~~[m[K
[01m[K/home/lewis/tiago_openday_ws/src/open_day_robot/src/navGoal.cpp:28:5:[m[K [01;31m[Kerror: [m[K‘[01m[Kclient[m[K’ was not declared in this scope
     [01;31m[Kclient[m[K.sendGoal(goal);
     [01;31m[K^~~~~~[m[K
[01m[K/home/lewis/tiago_openday_ws/src/open_day_robot/src/navGoal.cpp:28:5:[m[K [01;36m[Knote: [m[Ksuggested alternative: ‘[01m[Kcsinq[m[K’
     [01;36m[Kclient[m[K.sendGoal(goal);
     [01;36m[K^~~~~~[m[K
     [32m[Kcsinq[m[K
make[2]: *** [CMakeFiles/navGoal.dir/src/navGoal.cpp.o] Error 1
make[1]: *** [CMakeFiles/navGoal.dir/all] Error 2
make: *** [all] Error 2
