[01m[K/home/lewis/tiago_openday_ws/src/open_day_robot/src/mover.cpp:17:25:[m[K [01;31m[Kerror: [m[K‘[01m[Kpal_detection_msgs[m[K’ does not name a type
     void callBack(const [01;31m[Kpal_detection_msgs[m[K::Detections2d::ConstPtr& msg){
                         [01;31m[K^~~~~~~~~~~~~~~~~~[m[K
[01m[K/home/lewis/tiago_openday_ws/src/open_day_robot/src/mover.cpp:17:57:[m[K [01;31m[Kerror: [m[Kexpected unqualified-id before ‘[01m[K::[m[K’ token
     void callBack(const pal_detection_msgs::Detections2d[01;31m[K::[m[KConstPtr& msg){
                                                         [01;31m[K^~[m[K
[01m[K/home/lewis/tiago_openday_ws/src/open_day_robot/src/mover.cpp:17:57:[m[K [01;31m[Kerror: [m[Kexpected ‘[01m[K)[m[K’ before ‘[01m[K::[m[K’ token
[01m[K/home/lewis/tiago_openday_ws/src/open_day_robot/src/mover.cpp:17:45:[m[K [01;31m[Kerror: [m[Kexpected ‘[01m[K;[m[K’ at end of member declaration
     void callBack(const pal_detection_msgs::[01;31m[KDetections2d[m[K::ConstPtr& msg){
                                             [01;31m[K^~~~~~~~~~~~[m[K
[01m[K/home/lewis/tiago_openday_ws/src/open_day_robot/src/mover.cpp:17:59:[m[K [01;31m[Kerror: [m[K‘[01m[KConstPtr[m[K’ in namespace ‘[01m[K::[m[K’ does not name a type
     void callBack(const pal_detection_msgs::Detections2d::[01;31m[KConstPtr[m[K& msg){
                                                           [01;31m[K^~~~~~~~[m[K
[01m[K/home/lewis/tiago_openday_ws/src/open_day_robot/src/mover.cpp:[m[K In constructor ‘[01m[KRobot::Robot()[m[K’:
[01m[K/home/lewis/tiago_openday_ws/src/open_day_robot/src/mover.cpp:12:86:[m[K [01;31m[Kerror: [m[Kno matching function for call to ‘[01m[Kros::NodeHandle::subscribe(const char [28], int, void (Robot::*)(...), Robot*)[m[K’
         sub = n.subscribe("/person_detector/detections", 1000, &Robot::callBack, this[01;31m[K)[m[K;
                                                                                      [01;31m[K^[m[K
In file included from [01m[K/opt/ros/melodic/include/ros/ros.h:45:0[m[K,
                 from [01m[K/home/lewis/tiago_openday_ws/src/open_day_robot/src/mover.cpp:1[m[K:
[01m[K/opt/ros/melodic/include/ros/node_handle.h:402:14:[m[K [01;36m[Knote: [m[Kcandidate: template<class M, class T> ros::Subscriber ros::NodeHandle::subscribe(const string&, uint32_t, void (T::*)(M), T*, const ros::TransportHints&)
   Subscriber [01;36m[Ksubscribe[m[K(const std::string& topic, uint32_t queue_size, void(T::*fp)(M), T* obj,
              [01;36m[K^~~~~~~~~[m[K
[01m[K/opt/ros/melodic/include/ros/node_handle.h:402:14:[m[K [01;36m[Knote: [m[K  template argument deduction/substitution failed:
[01m[K/home/lewis/tiago_openday_ws/src/open_day_robot/src/mover.cpp:12:86:[m[K [01;36m[Knote: [m[K  candidate expects 2 arguments, 1 provided
         sub = n.subscribe("/person_detector/detections", 1000, &Robot::callBack, this[01;36m[K)[m[K;
                                                                                      [01;36m[K^[m[K
In file included from [01m[K/opt/ros/melodic/include/ros/ros.h:45:0[m[K,
                 from [01m[K/home/lewis/tiago_openday_ws/src/open_day_robot/src/mover.cpp:1[m[K:
[01m[K/opt/ros/melodic/include/ros/node_handle.h:413:14:[m[K [01;36m[Knote: [m[Kcandidate: template<class M, class T> ros::Subscriber ros::NodeHandle::subscribe(const string&, uint32_t, void (T::*)(M) const, T*, const ros::TransportHints&)
   Subscriber [01;36m[Ksubscribe[m[K(const std::string& topic, uint32_t queue_size, void(T::*fp)(M) const, T* obj,
              [01;36m[K^~~~~~~~~[m[K
[01m[K/opt/ros/melodic/include/ros/node_handle.h:413:14:[m[K [01;36m[Knote: [m[K  template argument deduction/substitution failed:
[01m[K/home/lewis/tiago_openday_ws/src/open_day_robot/src/mover.cpp:12:86:[m[K [01;36m[Knote: [m[K  types ‘[01m[Kvoid (T::)(M) const[m[K’ and ‘[01m[Kvoid (Robot::)(...)[m[K’ have incompatible cv-qualifiers
         sub = n.subscribe("/person_detector/detections", 1000, &Robot::callBack, this[01;36m[K)[m[K;
                                                                                      [01;36m[K^[m[K
In file included from [01m[K/opt/ros/melodic/include/ros/ros.h:45:0[m[K,
                 from [01m[K/home/lewis/tiago_openday_ws/src/open_day_robot/src/mover.cpp:1[m[K:
[01m[K/opt/ros/melodic/include/ros/node_handle.h:465:14:[m[K [01;36m[Knote: [m[Kcandidate: template<class M, class T> ros::Subscriber ros::NodeHandle::subscribe(const string&, uint32_t, void (T::*)(const boost::shared_ptr<const M>&), T*, const ros::TransportHints&)
   Subscriber [01;36m[Ksubscribe[m[K(const std::string& topic, uint32_t queue_size,
              [01;36m[K^~~~~~~~~[m[K
[01m[K/opt/ros/melodic/include/ros/node_handle.h:465:14:[m[K [01;36m[Knote: [m[K  template argument deduction/substitution failed:
[01m[K/home/lewis/tiago_openday_ws/src/open_day_robot/src/mover.cpp:12:86:[m[K [01;36m[Knote: [m[K  candidate expects 2 arguments, 1 provided
         sub = n.subscribe("/person_detector/detections", 1000, &Robot::callBack, this[01;36m[K)[m[K;
                                                                                      [01;36m[K^[m[K
In file included from [01m[K/opt/ros/melodic/include/ros/ros.h:45:0[m[K,
                 from [01m[K/home/lewis/tiago_openday_ws/src/open_day_robot/src/mover.cpp:1[m[K:
[01m[K/opt/ros/melodic/include/ros/node_handle.h:475:14:[m[K [01;36m[Knote: [m[Kcandidate: template<class M, class T> ros::Subscriber ros::NodeHandle::subscribe(const string&, uint32_t, void (T::*)(const boost::shared_ptr<const M>&) const, T*, const ros::TransportHints&)
   Subscriber [01;36m[Ksubscribe[m[K(const std::string& topic, uint32_t queue_size,
              [01;36m[K^~~~~~~~~[m[K
[01m[K/opt/ros/melodic/include/ros/node_handle.h:475:14:[m[K [01;36m[Knote: [m[K  template argument deduction/substitution failed:
[01m[K/home/lewis/tiago_openday_ws/src/open_day_robot/src/mover.cpp:12:86:[m[K [01;36m[Knote: [m[K  types ‘[01m[Kvoid (T::)(const boost::shared_ptr<const M>&) const[m[K’ and ‘[01m[Kvoid (Robot::)(...)[m[K’ have incompatible cv-qualifiers
         sub = n.subscribe("/person_detector/detections", 1000, &Robot::callBack, this[01;36m[K)[m[K;
                                                                                      [01;36m[K^[m[K
In file included from [01m[K/opt/ros/melodic/include/ros/ros.h:45:0[m[K,
                 from [01m[K/home/lewis/tiago_openday_ws/src/open_day_robot/src/mover.cpp:1[m[K:
[01m[K/opt/ros/melodic/include/ros/node_handle.h:529:14:[m[K [01;36m[Knote: [m[Kcandidate: template<class M, class T> ros::Subscriber ros::NodeHandle::subscribe(const string&, uint32_t, void (T::*)(M), const boost::shared_ptr<U>&, const ros::TransportHints&)
   Subscriber [01;36m[Ksubscribe[m[K(const std::string& topic, uint32_t queue_size, void(T::*fp)(M),
              [01;36m[K^~~~~~~~~[m[K
[01m[K/opt/ros/melodic/include/ros/node_handle.h:529:14:[m[K [01;36m[Knote: [m[K  template argument deduction/substitution failed:
[01m[K/home/lewis/tiago_openday_ws/src/open_day_robot/src/mover.cpp:12:86:[m[K [01;36m[Knote: [m[K  candidate expects 2 arguments, 1 provided
         sub = n.subscribe("/person_detector/detections", 1000, &Robot::callBack, this[01;36m[K)[m[K;
                                                                                      [01;36m[K^[m[K
In file included from [01m[K/opt/ros/melodic/include/ros/ros.h:45:0[m[K,
                 from [01m[K/home/lewis/tiago_openday_ws/src/open_day_robot/src/mover.cpp:1[m[K:
[01m[K/opt/ros/melodic/include/ros/node_handle.h:540:14:[m[K [01;36m[Knote: [m[Kcandidate: template<class M, class T> ros::Subscriber ros::NodeHandle::subscribe(const string&, uint32_t, void (T::*)(M) const, const boost::shared_ptr<U>&, const ros::TransportHints&)
   Subscriber [01;36m[Ksubscribe[m[K(const std::string& topic, uint32_t queue_size, void(T::*fp)(M) const,
              [01;36m[K^~~~~~~~~[m[K
[01m[K/opt/ros/melodic/include/ros/node_handle.h:540:14:[m[K [01;36m[Knote: [m[K  template argument deduction/substitution failed:
[01m[K/home/lewis/tiago_openday_ws/src/open_day_robot/src/mover.cpp:12:86:[m[K [01;36m[Knote: [m[K  types ‘[01m[Kvoid (T::)(M) const[m[K’ and ‘[01m[Kvoid (Robot::)(...)[m[K’ have incompatible cv-qualifiers
         sub = n.subscribe("/person_detector/detections", 1000, &Robot::callBack, this[01;36m[K)[m[K;
                                                                                      [01;36m[K^[m[K
In file included from [01m[K/opt/ros/melodic/include/ros/ros.h:45:0[m[K,
                 from [01m[K/home/lewis/tiago_openday_ws/src/open_day_robot/src/mover.cpp:1[m[K:
[01m[K/opt/ros/melodic/include/ros/node_handle.h:594:14:[m[K [01;36m[Knote: [m[Kcandidate: template<class M, class T> ros::Subscriber ros::NodeHandle::subscribe(const string&, uint32_t, void (T::*)(const boost::shared_ptr<const M>&), const boost::shared_ptr<U>&, const ros::TransportHints&)
   Subscriber [01;36m[Ksubscribe[m[K(const std::string& topic, uint32_t queue_size,
              [01;36m[K^~~~~~~~~[m[K
[01m[K/opt/ros/melodic/include/ros/node_handle.h:594:14:[m[K [01;36m[Knote: [m[K  template argument deduction/substitution failed:
[01m[K/home/lewis/tiago_openday_ws/src/open_day_robot/src/mover.cpp:12:86:[m[K [01;36m[Knote: [m[K  candidate expects 2 arguments, 1 provided
         sub = n.subscribe("/person_detector/detections", 1000, &Robot::callBack, this[01;36m[K)[m[K;
                                                                                      [01;36m[K^[m[K
In file included from [01m[K/opt/ros/melodic/include/ros/ros.h:45:0[m[K,
                 from [01m[K/home/lewis/tiago_openday_ws/src/open_day_robot/src/mover.cpp:1[m[K:
[01m[K/opt/ros/melodic/include/ros/node_handle.h:605:14:[m[K [01;36m[Knote: [m[Kcandidate: template<class M, class T> ros::Subscriber ros::NodeHandle::subscribe(const string&, uint32_t, void (T::*)(const boost::shared_ptr<const M>&) const, const boost::shared_ptr<U>&, const ros::TransportHints&)
   Subscriber [01;36m[Ksubscribe[m[K(const std::string& topic, uint32_t queue_size,
              [01;36m[K^~~~~~~~~[m[K
[01m[K/opt/ros/melodic/include/ros/node_handle.h:605:14:[m[K [01;36m[Knote: [m[K  template argument deduction/substitution failed:
[01m[K/home/lewis/tiago_openday_ws/src/open_day_robot/src/mover.cpp:12:86:[m[K [01;36m[Knote: [m[K  types ‘[01m[Kvoid (T::)(const boost::shared_ptr<const M>&) const[m[K’ and ‘[01m[Kvoid (Robot::)(...)[m[K’ have incompatible cv-qualifiers
         sub = n.subscribe("/person_detector/detections", 1000, &Robot::callBack, this[01;36m[K)[m[K;
                                                                                      [01;36m[K^[m[K
In file included from [01m[K/opt/ros/melodic/include/ros/ros.h:45:0[m[K,
                 from [01m[K/home/lewis/tiago_openday_ws/src/open_day_robot/src/mover.cpp:1[m[K:
[01m[K/opt/ros/melodic/include/ros/node_handle.h:656:14:[m[K [01;36m[Knote: [m[Kcandidate: template<class M> ros::Subscriber ros::NodeHandle::subscribe(const string&, uint32_t, void (*)(M), const ros::TransportHints&)
   Subscriber [01;36m[Ksubscribe[m[K(const std::string& topic, uint32_t queue_size, void(*fp)(M), const TransportHints& transport_hints = TransportHints())
              [01;36m[K^~~~~~~~~[m[K
[01m[K/opt/ros/melodic/include/ros/node_handle.h:656:14:[m[K [01;36m[Knote: [m[K  template argument deduction/substitution failed:
[01m[K/home/lewis/tiago_openday_ws/src/open_day_robot/src/mover.cpp:12:86:[m[K [01;36m[Knote: [m[K  mismatched types ‘[01m[Kvoid (*)(M)[m[K’ and ‘[01m[Kvoid (Robot::*)(...)[m[K’
         sub = n.subscribe("/person_detector/detections", 1000, &Robot::callBack, this[01;36m[K)[m[K;
                                                                                      [01;36m[K^[m[K
In file included from [01m[K/opt/ros/melodic/include/ros/ros.h:45:0[m[K,
                 from [01m[K/home/lewis/tiago_openday_ws/src/open_day_robot/src/mover.cpp:1[m[K:
[01m[K/opt/ros/melodic/include/ros/node_handle.h:704:14:[m[K [01;36m[Knote: [m[Kcandidate: template<class M> ros::Subscriber ros::NodeHandle::subscribe(const string&, uint32_t, void (*)(const boost::shared_ptr<const M>&), const ros::TransportHints&)
   Subscriber [01;36m[Ksubscribe[m[K(const std::string& topic, uint32_t queue_size, void(*fp)(const boost::shared_ptr<M const>&), const TransportHints& transport_hints = TransportHints())
              [01;36m[K^~~~~~~~~[m[K
[01m[K/opt/ros/melodic/include/ros/node_handle.h:704:14:[m[K [01;36m[Knote: [m[K  template argument deduction/substitution failed:
[01m[K/home/lewis/tiago_openday_ws/src/open_day_robot/src/mover.cpp:12:86:[m[K [01;36m[Knote: [m[K  mismatched types ‘[01m[Kvoid (*)(const boost::shared_ptr<const M>&)[m[K’ and ‘[01m[Kvoid (Robot::*)(...)[m[K’
         sub = n.subscribe("/person_detector/detections", 1000, &Robot::callBack, this[01;36m[K)[m[K;
                                                                                      [01;36m[K^[m[K
In file included from [01m[K/opt/ros/melodic/include/ros/ros.h:45:0[m[K,
                 from [01m[K/home/lewis/tiago_openday_ws/src/open_day_robot/src/mover.cpp:1[m[K:
[01m[K/opt/ros/melodic/include/ros/node_handle.h:750:14:[m[K [01;36m[Knote: [m[Kcandidate: template<class M> ros::Subscriber ros::NodeHandle::subscribe(const string&, uint32_t, const boost::function<void(const boost::shared_ptr<const M>&)>&, const VoidConstPtr&, const ros::TransportHints&)
   Subscriber [01;36m[Ksubscribe[m[K(const std::string& topic, uint32_t queue_size, const boost::function<void (const boost::shared_ptr<M const>&)>& callback,
              [01;36m[K^~~~~~~~~[m[K
[01m[K/opt/ros/melodic/include/ros/node_handle.h:750:14:[m[K [01;36m[Knote: [m[K  template argument deduction/substitution failed:
[01m[K/home/lewis/tiago_openday_ws/src/open_day_robot/src/mover.cpp:12:86:[m[K [01;36m[Knote: [m[K  mismatched types ‘[01m[Kconst boost::function<void(const boost::shared_ptr<const M>&)>[m[K’ and ‘[01m[Kvoid (Robot::*)(...)[m[K’
         sub = n.subscribe("/person_detector/detections", 1000, &Robot::callBack, this[01;36m[K)[m[K;
                                                                                      [01;36m[K^[m[K
In file included from [01m[K/opt/ros/melodic/include/ros/ros.h:45:0[m[K,
                 from [01m[K/home/lewis/tiago_openday_ws/src/open_day_robot/src/mover.cpp:1[m[K:
[01m[K/opt/ros/melodic/include/ros/node_handle.h:799:14:[m[K [01;36m[Knote: [m[Kcandidate: template<class M, class C> ros::Subscriber ros::NodeHandle::subscribe(const string&, uint32_t, const boost::function<void(C)>&, const VoidConstPtr&, const ros::TransportHints&)
   Subscriber [01;36m[Ksubscribe[m[K(const std::string& topic, uint32_t queue_size, const boost::function<void (C)>& callback,
              [01;36m[K^~~~~~~~~[m[K
[01m[K/opt/ros/melodic/include/ros/node_handle.h:799:14:[m[K [01;36m[Knote: [m[K  template argument deduction/substitution failed:
[01m[K/home/lewis/tiago_openday_ws/src/open_day_robot/src/mover.cpp:12:86:[m[K [01;36m[Knote: [m[K  mismatched types ‘[01m[Kconst boost::function<void(C)>[m[K’ and ‘[01m[Kvoid (Robot::*)(...)[m[K’
         sub = n.subscribe("/person_detector/detections", 1000, &Robot::callBack, this[01;36m[K)[m[K;
                                                                                      [01;36m[K^[m[K
In file included from [01m[K/opt/ros/melodic/include/ros/ros.h:45:0[m[K,
                 from [01m[K/home/lewis/tiago_openday_ws/src/open_day_robot/src/mover.cpp:1[m[K:
[01m[K/opt/ros/melodic/include/ros/node_handle.h:836:14:[m[K [01;36m[Knote: [m[Kcandidate: ros::Subscriber ros::NodeHandle::subscribe(ros::SubscribeOptions&)
   Subscriber [01;36m[Ksubscribe[m[K(SubscribeOptions& ops);
              [01;36m[K^~~~~~~~~[m[K
[01m[K/opt/ros/melodic/include/ros/node_handle.h:836:14:[m[K [01;36m[Knote: [m[K  candidate expects 1 argument, 4 provided
make[2]: *** [CMakeFiles/mover.dir/src/mover.cpp.o] Error 1
make[1]: *** [CMakeFiles/mover.dir/all] Error 2
make: *** [all] Error 2
