Linked: (/home/lewis/tiago_openday_ws/devel/.private/face_detector/include/face_detector/FaceDetectorFeedback.h, /home/lewis/tiago_openday_ws/devel/include/face_detector/FaceDetectorFeedback.h)
Linked: (/home/lewis/tiago_openday_ws/devel/.private/face_detector/include/face_detector/FaceDetectorGoal.h, /home/lewis/tiago_openday_ws/devel/include/face_detector/FaceDetectorGoal.h)
Linked: (/home/lewis/tiago_openday_ws/devel/.private/face_detector/include/face_detector/FaceDetectorActionFeedback.h, /home/lewis/tiago_openday_ws/devel/include/face_detector/FaceDetectorActionFeedback.h)
Linked: (/home/lewis/tiago_openday_ws/devel/.private/face_detector/include/face_detector/FaceDetectorActionGoal.h, /home/lewis/tiago_openday_ws/devel/include/face_detector/FaceDetectorActionGoal.h)
Linked: (/home/lewis/tiago_openday_ws/devel/.private/face_detector/include/face_detector/FaceDetectorActionResult.h, /home/lewis/tiago_openday_ws/devel/include/face_detector/FaceDetectorActionResult.h)
Linked: (/home/lewis/tiago_openday_ws/devel/.private/face_detector/include/face_detector/FaceDetectorAction.h, /home/lewis/tiago_openday_ws/devel/include/face_detector/FaceDetectorAction.h)
Linked: (/home/lewis/tiago_openday_ws/devel/.private/face_detector/include/face_detector/FaceDetectorResult.h, /home/lewis/tiago_openday_ws/devel/include/face_detector/FaceDetectorResult.h)
Linked: (/home/lewis/tiago_openday_ws/devel/.private/face_detector/lib/face_detector/face_detector, /home/lewis/tiago_openday_ws/devel/lib/face_detector/face_detector)
Linked: (/home/lewis/tiago_openday_ws/devel/.private/face_detector/lib/pkgconfig/face_detector.pc, /home/lewis/tiago_openday_ws/devel/lib/pkgconfig/face_detector.pc)
Linked: (/home/lewis/tiago_openday_ws/devel/.private/face_detector/lib/python2.7/dist-packages/face_detector/__init__.py, /home/lewis/tiago_openday_ws/devel/lib/python2.7/dist-packages/face_detector/__init__.py)
Linked: (/home/lewis/tiago_openday_ws/devel/.private/face_detector/lib/python2.7/dist-packages/face_detector/msg/_FaceDetectorActionGoal.py, /home/lewis/tiago_openday_ws/devel/lib/python2.7/dist-packages/face_detector/msg/_FaceDetectorActionGoal.py)
Linked: (/home/lewis/tiago_openday_ws/devel/.private/face_detector/lib/python2.7/dist-packages/face_detector/msg/_FaceDetectorResult.py, /home/lewis/tiago_openday_ws/devel/lib/python2.7/dist-packages/face_detector/msg/_FaceDetectorResult.py)
Linked: (/home/lewis/tiago_openday_ws/devel/.private/face_detector/lib/python2.7/dist-packages/face_detector/msg/_FaceDetectorGoal.py, /home/lewis/tiago_openday_ws/devel/lib/python2.7/dist-packages/face_detector/msg/_FaceDetectorGoal.py)
Linked: (/home/lewis/tiago_openday_ws/devel/.private/face_detector/lib/python2.7/dist-packages/face_detector/msg/_FaceDetectorAction.py, /home/lewis/tiago_openday_ws/devel/lib/python2.7/dist-packages/face_detector/msg/_FaceDetectorAction.py)
Linked: (/home/lewis/tiago_openday_ws/devel/.private/face_detector/lib/python2.7/dist-packages/face_detector/msg/_FaceDetectorFeedback.py, /home/lewis/tiago_openday_ws/devel/lib/python2.7/dist-packages/face_detector/msg/_FaceDetectorFeedback.py)
Linked: (/home/lewis/tiago_openday_ws/devel/.private/face_detector/lib/python2.7/dist-packages/face_detector/msg/_FaceDetectorActionFeedback.py, /home/lewis/tiago_openday_ws/devel/lib/python2.7/dist-packages/face_detector/msg/_FaceDetectorActionFeedback.py)
Linked: (/home/lewis/tiago_openday_ws/devel/.private/face_detector/lib/python2.7/dist-packages/face_detector/msg/__init__.py, /home/lewis/tiago_openday_ws/devel/lib/python2.7/dist-packages/face_detector/msg/__init__.py)
Linked: (/home/lewis/tiago_openday_ws/devel/.private/face_detector/lib/python2.7/dist-packages/face_detector/msg/_FaceDetectorActionResult.py, /home/lewis/tiago_openday_ws/devel/lib/python2.7/dist-packages/face_detector/msg/_FaceDetectorActionResult.py)
Linked: (/home/lewis/tiago_openday_ws/devel/.private/face_detector/share/gennodejs/ros/face_detector/_index.js, /home/lewis/tiago_openday_ws/devel/share/gennodejs/ros/face_detector/_index.js)
Linked: (/home/lewis/tiago_openday_ws/devel/.private/face_detector/share/gennodejs/ros/face_detector/msg/FaceDetectorActionGoal.js, /home/lewis/tiago_openday_ws/devel/share/gennodejs/ros/face_detector/msg/FaceDetectorActionGoal.js)
Linked: (/home/lewis/tiago_openday_ws/devel/.private/face_detector/share/gennodejs/ros/face_detector/msg/FaceDetectorFeedback.js, /home/lewis/tiago_openday_ws/devel/share/gennodejs/ros/face_detector/msg/FaceDetectorFeedback.js)
Linked: (/home/lewis/tiago_openday_ws/devel/.private/face_detector/share/gennodejs/ros/face_detector/msg/_index.js, /home/lewis/tiago_openday_ws/devel/share/gennodejs/ros/face_detector/msg/_index.js)
Linked: (/home/lewis/tiago_openday_ws/devel/.private/face_detector/share/gennodejs/ros/face_detector/msg/FaceDetectorAction.js, /home/lewis/tiago_openday_ws/devel/share/gennodejs/ros/face_detector/msg/FaceDetectorAction.js)
Linked: (/home/lewis/tiago_openday_ws/devel/.private/face_detector/share/gennodejs/ros/face_detector/msg/FaceDetectorActionResult.js, /home/lewis/tiago_openday_ws/devel/share/gennodejs/ros/face_detector/msg/FaceDetectorActionResult.js)
Linked: (/home/lewis/tiago_openday_ws/devel/.private/face_detector/share/gennodejs/ros/face_detector/msg/FaceDetectorResult.js, /home/lewis/tiago_openday_ws/devel/share/gennodejs/ros/face_detector/msg/FaceDetectorResult.js)
Linked: (/home/lewis/tiago_openday_ws/devel/.private/face_detector/share/gennodejs/ros/face_detector/msg/FaceDetectorGoal.js, /home/lewis/tiago_openday_ws/devel/share/gennodejs/ros/face_detector/msg/FaceDetectorGoal.js)
Linked: (/home/lewis/tiago_openday_ws/devel/.private/face_detector/share/gennodejs/ros/face_detector/msg/FaceDetectorActionFeedback.js, /home/lewis/tiago_openday_ws/devel/share/gennodejs/ros/face_detector/msg/FaceDetectorActionFeedback.js)
Linked: (/home/lewis/tiago_openday_ws/devel/.private/face_detector/share/common-lisp/ros/face_detector/msg/face_detector-msg.asd, /home/lewis/tiago_openday_ws/devel/share/common-lisp/ros/face_detector/msg/face_detector-msg.asd)
Linked: (/home/lewis/tiago_openday_ws/devel/.private/face_detector/share/common-lisp/ros/face_detector/msg/_package_FaceDetectorActionFeedback.lisp, /home/lewis/tiago_openday_ws/devel/share/common-lisp/ros/face_detector/msg/_package_FaceDetectorActionFeedback.lisp)
Linked: (/home/lewis/tiago_openday_ws/devel/.private/face_detector/share/common-lisp/ros/face_detector/msg/_package_FaceDetectorFeedback.lisp, /home/lewis/tiago_openday_ws/devel/share/common-lisp/ros/face_detector/msg/_package_FaceDetectorFeedback.lisp)
Linked: (/home/lewis/tiago_openday_ws/devel/.private/face_detector/share/common-lisp/ros/face_detector/msg/_package_FaceDetectorGoal.lisp, /home/lewis/tiago_openday_ws/devel/share/common-lisp/ros/face_detector/msg/_package_FaceDetectorGoal.lisp)
Linked: (/home/lewis/tiago_openday_ws/devel/.private/face_detector/share/common-lisp/ros/face_detector/msg/FaceDetectorGoal.lisp, /home/lewis/tiago_openday_ws/devel/share/common-lisp/ros/face_detector/msg/FaceDetectorGoal.lisp)
Linked: (/home/lewis/tiago_openday_ws/devel/.private/face_detector/share/common-lisp/ros/face_detector/msg/_package_FaceDetectorActionGoal.lisp, /home/lewis/tiago_openday_ws/devel/share/common-lisp/ros/face_detector/msg/_package_FaceDetectorActionGoal.lisp)
Linked: (/home/lewis/tiago_openday_ws/devel/.private/face_detector/share/common-lisp/ros/face_detector/msg/_package_FaceDetectorResult.lisp, /home/lewis/tiago_openday_ws/devel/share/common-lisp/ros/face_detector/msg/_package_FaceDetectorResult.lisp)
Linked: (/home/lewis/tiago_openday_ws/devel/.private/face_detector/share/common-lisp/ros/face_detector/msg/FaceDetectorAction.lisp, /home/lewis/tiago_openday_ws/devel/share/common-lisp/ros/face_detector/msg/FaceDetectorAction.lisp)
Linked: (/home/lewis/tiago_openday_ws/devel/.private/face_detector/share/common-lisp/ros/face_detector/msg/_package_FaceDetectorActionResult.lisp, /home/lewis/tiago_openday_ws/devel/share/common-lisp/ros/face_detector/msg/_package_FaceDetectorActionResult.lisp)
Linked: (/home/lewis/tiago_openday_ws/devel/.private/face_detector/share/common-lisp/ros/face_detector/msg/FaceDetectorActionResult.lisp, /home/lewis/tiago_openday_ws/devel/share/common-lisp/ros/face_detector/msg/FaceDetectorActionResult.lisp)
Linked: (/home/lewis/tiago_openday_ws/devel/.private/face_detector/share/common-lisp/ros/face_detector/msg/FaceDetectorActionFeedback.lisp, /home/lewis/tiago_openday_ws/devel/share/common-lisp/ros/face_detector/msg/FaceDetectorActionFeedback.lisp)
Linked: (/home/lewis/tiago_openday_ws/devel/.private/face_detector/share/common-lisp/ros/face_detector/msg/_package_FaceDetectorAction.lisp, /home/lewis/tiago_openday_ws/devel/share/common-lisp/ros/face_detector/msg/_package_FaceDetectorAction.lisp)
Linked: (/home/lewis/tiago_openday_ws/devel/.private/face_detector/share/common-lisp/ros/face_detector/msg/FaceDetectorResult.lisp, /home/lewis/tiago_openday_ws/devel/share/common-lisp/ros/face_detector/msg/FaceDetectorResult.lisp)
Linked: (/home/lewis/tiago_openday_ws/devel/.private/face_detector/share/common-lisp/ros/face_detector/msg/FaceDetectorActionGoal.lisp, /home/lewis/tiago_openday_ws/devel/share/common-lisp/ros/face_detector/msg/FaceDetectorActionGoal.lisp)
Linked: (/home/lewis/tiago_openday_ws/devel/.private/face_detector/share/common-lisp/ros/face_detector/msg/FaceDetectorFeedback.lisp, /home/lewis/tiago_openday_ws/devel/share/common-lisp/ros/face_detector/msg/FaceDetectorFeedback.lisp)
Linked: (/home/lewis/tiago_openday_ws/devel/.private/face_detector/share/common-lisp/ros/face_detector/msg/_package.lisp, /home/lewis/tiago_openday_ws/devel/share/common-lisp/ros/face_detector/msg/_package.lisp)
Linked: (/home/lewis/tiago_openday_ws/devel/.private/face_detector/share/roseus/ros/face_detector/manifest.l, /home/lewis/tiago_openday_ws/devel/share/roseus/ros/face_detector/manifest.l)
Linked: (/home/lewis/tiago_openday_ws/devel/.private/face_detector/share/roseus/ros/face_detector/msg/FaceDetectorActionFeedback.l, /home/lewis/tiago_openday_ws/devel/share/roseus/ros/face_detector/msg/FaceDetectorActionFeedback.l)
Linked: (/home/lewis/tiago_openday_ws/devel/.private/face_detector/share/roseus/ros/face_detector/msg/FaceDetectorActionResult.l, /home/lewis/tiago_openday_ws/devel/share/roseus/ros/face_detector/msg/FaceDetectorActionResult.l)
Linked: (/home/lewis/tiago_openday_ws/devel/.private/face_detector/share/roseus/ros/face_detector/msg/FaceDetectorAction.l, /home/lewis/tiago_openday_ws/devel/share/roseus/ros/face_detector/msg/FaceDetectorAction.l)
Linked: (/home/lewis/tiago_openday_ws/devel/.private/face_detector/share/roseus/ros/face_detector/msg/FaceDetectorActionGoal.l, /home/lewis/tiago_openday_ws/devel/share/roseus/ros/face_detector/msg/FaceDetectorActionGoal.l)
Linked: (/home/lewis/tiago_openday_ws/devel/.private/face_detector/share/roseus/ros/face_detector/msg/FaceDetectorResult.l, /home/lewis/tiago_openday_ws/devel/share/roseus/ros/face_detector/msg/FaceDetectorResult.l)
Linked: (/home/lewis/tiago_openday_ws/devel/.private/face_detector/share/roseus/ros/face_detector/msg/FaceDetectorFeedback.l, /home/lewis/tiago_openday_ws/devel/share/roseus/ros/face_detector/msg/FaceDetectorFeedback.l)
Linked: (/home/lewis/tiago_openday_ws/devel/.private/face_detector/share/roseus/ros/face_detector/msg/FaceDetectorGoal.l, /home/lewis/tiago_openday_ws/devel/share/roseus/ros/face_detector/msg/FaceDetectorGoal.l)
Linked: (/home/lewis/tiago_openday_ws/devel/.private/face_detector/share/face_detector/msg/FaceDetectorFeedback.msg, /home/lewis/tiago_openday_ws/devel/share/face_detector/msg/FaceDetectorFeedback.msg)
Linked: (/home/lewis/tiago_openday_ws/devel/.private/face_detector/share/face_detector/msg/FaceDetectorAction.msg, /home/lewis/tiago_openday_ws/devel/share/face_detector/msg/FaceDetectorAction.msg)
Linked: (/home/lewis/tiago_openday_ws/devel/.private/face_detector/share/face_detector/msg/FaceDetectorResult.msg, /home/lewis/tiago_openday_ws/devel/share/face_detector/msg/FaceDetectorResult.msg)
Linked: (/home/lewis/tiago_openday_ws/devel/.private/face_detector/share/face_detector/msg/FaceDetectorActionGoal.msg, /home/lewis/tiago_openday_ws/devel/share/face_detector/msg/FaceDetectorActionGoal.msg)
Linked: (/home/lewis/tiago_openday_ws/devel/.private/face_detector/share/face_detector/msg/FaceDetectorActionResult.msg, /home/lewis/tiago_openday_ws/devel/share/face_detector/msg/FaceDetectorActionResult.msg)
Linked: (/home/lewis/tiago_openday_ws/devel/.private/face_detector/share/face_detector/msg/FaceDetectorActionFeedback.msg, /home/lewis/tiago_openday_ws/devel/share/face_detector/msg/FaceDetectorActionFeedback.msg)
Linked: (/home/lewis/tiago_openday_ws/devel/.private/face_detector/share/face_detector/msg/FaceDetectorGoal.msg, /home/lewis/tiago_openday_ws/devel/share/face_detector/msg/FaceDetectorGoal.msg)
Linked: (/home/lewis/tiago_openday_ws/devel/.private/face_detector/share/face_detector/cmake/face_detectorConfig.cmake, /home/lewis/tiago_openday_ws/devel/share/face_detector/cmake/face_detectorConfig.cmake)
Linked: (/home/lewis/tiago_openday_ws/devel/.private/face_detector/share/face_detector/cmake/face_detectorConfig-version.cmake, /home/lewis/tiago_openday_ws/devel/share/face_detector/cmake/face_detectorConfig-version.cmake)
Linked: (/home/lewis/tiago_openday_ws/devel/.private/face_detector/share/face_detector/cmake/face_detector-msg-extras.cmake, /home/lewis/tiago_openday_ws/devel/share/face_detector/cmake/face_detector-msg-extras.cmake)
Linked: (/home/lewis/tiago_openday_ws/devel/.private/face_detector/share/face_detector/cmake/face_detector-msg-paths.cmake, /home/lewis/tiago_openday_ws/devel/share/face_detector/cmake/face_detector-msg-paths.cmake)
