Symlinking /home/lewis/tiago_openday_ws/devel/include/face_detector/FaceDetectorFeedback.h
Symlinking /home/lewis/tiago_openday_ws/devel/include/face_detector/FaceDetectorGoal.h
Symlinking /home/lewis/tiago_openday_ws/devel/include/face_detector/FaceDetectorActionFeedback.h
Symlinking /home/lewis/tiago_openday_ws/devel/include/face_detector/FaceDetectorActionGoal.h
Symlinking /home/lewis/tiago_openday_ws/devel/include/face_detector/FaceDetectorActionResult.h
Symlinking /home/lewis/tiago_openday_ws/devel/include/face_detector/FaceDetectorAction.h
Symlinking /home/lewis/tiago_openday_ws/devel/include/face_detector/FaceDetectorResult.h
Symlinking /home/lewis/tiago_openday_ws/devel/lib/face_detector/face_detector
Symlinking /home/lewis/tiago_openday_ws/devel/lib/pkgconfig/face_detector.pc
Symlinking /home/lewis/tiago_openday_ws/devel/lib/python2.7/dist-packages/face_detector/__init__.py
Symlinking /home/lewis/tiago_openday_ws/devel/lib/python2.7/dist-packages/face_detector/msg/_FaceDetectorActionGoal.py
Symlinking /home/lewis/tiago_openday_ws/devel/lib/python2.7/dist-packages/face_detector/msg/_FaceDetectorResult.py
Symlinking /home/lewis/tiago_openday_ws/devel/lib/python2.7/dist-packages/face_detector/msg/_FaceDetectorGoal.py
Symlinking /home/lewis/tiago_openday_ws/devel/lib/python2.7/dist-packages/face_detector/msg/_FaceDetectorAction.py
Symlinking /home/lewis/tiago_openday_ws/devel/lib/python2.7/dist-packages/face_detector/msg/_FaceDetectorFeedback.py
Symlinking /home/lewis/tiago_openday_ws/devel/lib/python2.7/dist-packages/face_detector/msg/_FaceDetectorActionFeedback.py
Symlinking /home/lewis/tiago_openday_ws/devel/lib/python2.7/dist-packages/face_detector/msg/__init__.py
Symlinking /home/lewis/tiago_openday_ws/devel/lib/python2.7/dist-packages/face_detector/msg/_FaceDetectorActionResult.py
Symlinking /home/lewis/tiago_openday_ws/devel/share/gennodejs/ros/face_detector/_index.js
Symlinking /home/lewis/tiago_openday_ws/devel/share/gennodejs/ros/face_detector/msg/FaceDetectorActionGoal.js
Symlinking /home/lewis/tiago_openday_ws/devel/share/gennodejs/ros/face_detector/msg/FaceDetectorFeedback.js
Symlinking /home/lewis/tiago_openday_ws/devel/share/gennodejs/ros/face_detector/msg/_index.js
Symlinking /home/lewis/tiago_openday_ws/devel/share/gennodejs/ros/face_detector/msg/FaceDetectorAction.js
Symlinking /home/lewis/tiago_openday_ws/devel/share/gennodejs/ros/face_detector/msg/FaceDetectorActionResult.js
Symlinking /home/lewis/tiago_openday_ws/devel/share/gennodejs/ros/face_detector/msg/FaceDetectorResult.js
Symlinking /home/lewis/tiago_openday_ws/devel/share/gennodejs/ros/face_detector/msg/FaceDetectorGoal.js
Symlinking /home/lewis/tiago_openday_ws/devel/share/gennodejs/ros/face_detector/msg/FaceDetectorActionFeedback.js
Symlinking /home/lewis/tiago_openday_ws/devel/share/common-lisp/ros/face_detector/msg/face_detector-msg.asd
Symlinking /home/lewis/tiago_openday_ws/devel/share/common-lisp/ros/face_detector/msg/_package_FaceDetectorActionFeedback.lisp
Symlinking /home/lewis/tiago_openday_ws/devel/share/common-lisp/ros/face_detector/msg/_package_FaceDetectorFeedback.lisp
Symlinking /home/lewis/tiago_openday_ws/devel/share/common-lisp/ros/face_detector/msg/_package_FaceDetectorGoal.lisp
Symlinking /home/lewis/tiago_openday_ws/devel/share/common-lisp/ros/face_detector/msg/FaceDetectorGoal.lisp
Symlinking /home/lewis/tiago_openday_ws/devel/share/common-lisp/ros/face_detector/msg/_package_FaceDetectorActionGoal.lisp
Symlinking /home/lewis/tiago_openday_ws/devel/share/common-lisp/ros/face_detector/msg/_package_FaceDetectorResult.lisp
Symlinking /home/lewis/tiago_openday_ws/devel/share/common-lisp/ros/face_detector/msg/FaceDetectorAction.lisp
Symlinking /home/lewis/tiago_openday_ws/devel/share/common-lisp/ros/face_detector/msg/_package_FaceDetectorActionResult.lisp
Symlinking /home/lewis/tiago_openday_ws/devel/share/common-lisp/ros/face_detector/msg/FaceDetectorActionResult.lisp
Symlinking /home/lewis/tiago_openday_ws/devel/share/common-lisp/ros/face_detector/msg/FaceDetectorActionFeedback.lisp
Symlinking /home/lewis/tiago_openday_ws/devel/share/common-lisp/ros/face_detector/msg/_package_FaceDetectorAction.lisp
Symlinking /home/lewis/tiago_openday_ws/devel/share/common-lisp/ros/face_detector/msg/FaceDetectorResult.lisp
Symlinking /home/lewis/tiago_openday_ws/devel/share/common-lisp/ros/face_detector/msg/FaceDetectorActionGoal.lisp
Symlinking /home/lewis/tiago_openday_ws/devel/share/common-lisp/ros/face_detector/msg/FaceDetectorFeedback.lisp
Symlinking /home/lewis/tiago_openday_ws/devel/share/common-lisp/ros/face_detector/msg/_package.lisp
Symlinking /home/lewis/tiago_openday_ws/devel/share/roseus/ros/face_detector/manifest.l
Symlinking /home/lewis/tiago_openday_ws/devel/share/roseus/ros/face_detector/msg/FaceDetectorActionFeedback.l
Symlinking /home/lewis/tiago_openday_ws/devel/share/roseus/ros/face_detector/msg/FaceDetectorActionResult.l
Symlinking /home/lewis/tiago_openday_ws/devel/share/roseus/ros/face_detector/msg/FaceDetectorAction.l
Symlinking /home/lewis/tiago_openday_ws/devel/share/roseus/ros/face_detector/msg/FaceDetectorActionGoal.l
Symlinking /home/lewis/tiago_openday_ws/devel/share/roseus/ros/face_detector/msg/FaceDetectorResult.l
Symlinking /home/lewis/tiago_openday_ws/devel/share/roseus/ros/face_detector/msg/FaceDetectorFeedback.l
Symlinking /home/lewis/tiago_openday_ws/devel/share/roseus/ros/face_detector/msg/FaceDetectorGoal.l
Symlinking /home/lewis/tiago_openday_ws/devel/share/face_detector/msg/FaceDetectorFeedback.msg
Symlinking /home/lewis/tiago_openday_ws/devel/share/face_detector/msg/FaceDetectorAction.msg
Symlinking /home/lewis/tiago_openday_ws/devel/share/face_detector/msg/FaceDetectorResult.msg
Symlinking /home/lewis/tiago_openday_ws/devel/share/face_detector/msg/FaceDetectorActionGoal.msg
Symlinking /home/lewis/tiago_openday_ws/devel/share/face_detector/msg/FaceDetectorActionResult.msg
Symlinking /home/lewis/tiago_openday_ws/devel/share/face_detector/msg/FaceDetectorActionFeedback.msg
Symlinking /home/lewis/tiago_openday_ws/devel/share/face_detector/msg/FaceDetectorGoal.msg
Symlinking /home/lewis/tiago_openday_ws/devel/share/face_detector/cmake/face_detectorConfig.cmake
Symlinking /home/lewis/tiago_openday_ws/devel/share/face_detector/cmake/face_detectorConfig-version.cmake
Symlinking /home/lewis/tiago_openday_ws/devel/share/face_detector/cmake/face_detector-msg-extras.cmake
Symlinking /home/lewis/tiago_openday_ws/devel/share/face_detector/cmake/face_detector-msg-paths.cmake
