[  0%] Built target roscpp_generate_messages_py
[  0%] Built target std_srvs_generate_messages_eus
[  0%] Built target roscpp_generate_messages_lisp
[  0%] Built target people_msgs_generate_messages_lisp
[  0%] Built target geometry_msgs_generate_messages_eus
[  0%] Built target _face_detector_generate_messages_check_deps_FaceDetectorActionResult
[  0%] Built target actionlib_msgs_generate_messages_lisp
[  0%] Built target _face_detector_generate_messages_check_deps_FaceDetectorActionGoal
[  0%] Built target _face_detector_generate_messages_check_deps_FaceDetectorResult
[  0%] Built target _face_detector_generate_messages_check_deps_FaceDetectorGoal
[  0%] Built target _face_detector_generate_messages_check_deps_FaceDetectorFeedback
[  0%] Built target _face_detector_generate_messages_check_deps_FaceDetectorAction
[  0%] Built target rosgraph_msgs_generate_messages_cpp
[  0%] Built target sensor_msgs_generate_messages_eus
[  0%] Built target _face_detector_generate_messages_check_deps_FaceDetectorActionFeedback
[  0%] Built target std_msgs_generate_messages_py
[  0%] Built target std_msgs_generate_messages_nodejs
[  0%] Built target sensor_msgs_generate_messages_cpp
[  0%] Built target roscpp_generate_messages_nodejs
[  0%] Built target std_msgs_generate_messages_lisp
[  0%] Built target rosgraph_msgs_generate_messages_lisp
[  0%] Built target actionlib_generate_messages_cpp
[  0%] Built target roscpp_generate_messages_cpp
[  0%] Built target sensor_msgs_generate_messages_nodejs
[  0%] Built target sensor_msgs_generate_messages_py
[  0%] Built target tf_generate_messages_py
[  0%] Built target std_msgs_generate_messages_cpp
[  0%] Built target geometry_msgs_generate_messages_nodejs
[  0%] Built target actionlib_generate_messages_eus
[  0%] Built target std_srvs_generate_messages_nodejs
[  0%] Built target rosgraph_msgs_generate_messages_nodejs
[  0%] Built target std_msgs_generate_messages_eus
[  0%] Built target topic_tools_generate_messages_nodejs
[  0%] Built target rosgraph_msgs_generate_messages_eus
[  0%] Built target std_srvs_generate_messages_cpp
[  0%] Built target roscpp_generate_messages_eus
[  0%] Built target rosgraph_msgs_generate_messages_py
[  0%] Built target actionlib_msgs_generate_messages_eus
[  0%] Built target actionlib_msgs_generate_messages_py
[  0%] Built target actionlib_generate_messages_lisp
[  0%] Built target geometry_msgs_generate_messages_cpp
[  0%] Built target geometry_msgs_generate_messages_lisp
[  0%] Built target stereo_msgs_generate_messages_lisp
[  0%] Built target geometry_msgs_generate_messages_py
[  0%] Built target people_msgs_generate_messages_cpp
[  0%] Built target people_msgs_generate_messages_eus
[  0%] Built target stereo_msgs_generate_messages_nodejs
[  0%] Built target people_msgs_generate_messages_nodejs
[  0%] Built target people_msgs_generate_messages_py
[  0%] Built target _catkin_empty_exported_target
[  0%] Built target std_srvs_generate_messages_lisp
[  0%] Built target topic_tools_generate_messages_lisp
[  0%] Built target std_srvs_generate_messages_py
[  0%] Built target topic_tools_generate_messages_eus
[  0%] Built target actionlib_msgs_generate_messages_nodejs
[  0%] Built target topic_tools_generate_messages_py
[  0%] Built target stereo_msgs_generate_messages_cpp
[  0%] Built target stereo_msgs_generate_messages_eus
[  0%] Built target topic_tools_generate_messages_cpp
[  0%] Built target stereo_msgs_generate_messages_py
[  0%] Built target tf2_msgs_generate_messages_eus
[  0%] Built target actionlib_generate_messages_nodejs
[  0%] Built target tf_generate_messages_cpp
[  0%] Built target actionlib_msgs_generate_messages_cpp
[  0%] Built target tf_generate_messages_lisp
[  0%] Built target tf_generate_messages_eus
[  0%] Built target tf_generate_messages_nodejs
[  0%] Built target tf2_msgs_generate_messages_cpp
[  0%] Built target tf2_msgs_generate_messages_lisp
[  0%] Built target actionlib_generate_messages_py
[  0%] Built target tf2_msgs_generate_messages_py
[  0%] Built target tf2_msgs_generate_messages_nodejs
[ 20%] Built target face_detector_generate_messages_eus
[ 40%] Built target face_detector_generate_messages_py
[ 57%] Built target face_detector_generate_messages_nodejs
[ 57%] Built target sensor_msgs_generate_messages_lisp
[ 75%] Built target face_detector_generate_messages_cpp
[ 92%] Built target face_detector_generate_messages_lisp
[ 92%] Built target face_detector_generate_messages
[100%] Built target face_detector
