[35m[1mScanning dependencies of target roscpp_generate_messages_py[0m
[35m[1mScanning dependencies of target _face_detector_generate_messages_check_deps_FaceDetectorActionResult[0m
[35m[1mScanning dependencies of target _face_detector_generate_messages_check_deps_FaceDetectorActionGoal[0m
[35m[1mScanning dependencies of target actionlib_msgs_generate_messages_lisp[0m
[35m[1mScanning dependencies of target std_srvs_generate_messages_eus[0m
[35m[1mScanning dependencies of target people_msgs_generate_messages_lisp[0m
[35m[1mScanning dependencies of target roscpp_generate_messages_lisp[0m
[35m[1mScanning dependencies of target geometry_msgs_generate_messages_eus[0m
[  0%] Built target roscpp_generate_messages_lisp
[  0%] Built target geometry_msgs_generate_messages_eus
[  0%] Built target people_msgs_generate_messages_lisp
[  0%] Built target std_srvs_generate_messages_eus
[  0%] Built target roscpp_generate_messages_py
[  0%] Built target actionlib_msgs_generate_messages_lisp
[35m[1mScanning dependencies of target _face_detector_generate_messages_check_deps_FaceDetectorResult[0m
[35m[1mScanning dependencies of target _face_detector_generate_messages_check_deps_FaceDetectorActionFeedback[0m
[35m[1mScanning dependencies of target _face_detector_generate_messages_check_deps_FaceDetectorFeedback[0m
[35m[1mScanning dependencies of target _face_detector_generate_messages_check_deps_FaceDetectorAction[0m
[35m[1mScanning dependencies of target _face_detector_generate_messages_check_deps_FaceDetectorGoal[0m
[35m[1mScanning dependencies of target rosgraph_msgs_generate_messages_cpp[0m
[  0%] Built target rosgraph_msgs_generate_messages_cpp
[  0%] Built target _face_detector_generate_messages_check_deps_FaceDetectorActionResult
[  0%] Built target _face_detector_generate_messages_check_deps_FaceDetectorActionGoal
[35m[1mScanning dependencies of target std_msgs_generate_messages_py[0m
[35m[1mScanning dependencies of target sensor_msgs_generate_messages_eus[0m
[35m[1mScanning dependencies of target std_msgs_generate_messages_nodejs[0m
[  0%] Built target _face_detector_generate_messages_check_deps_FaceDetectorResult
[  0%] Built target _face_detector_generate_messages_check_deps_FaceDetectorFeedback
[  0%] Built target _face_detector_generate_messages_check_deps_FaceDetectorActionFeedback
[  0%] Built target _face_detector_generate_messages_check_deps_FaceDetectorAction
[  0%] Built target std_msgs_generate_messages_py
[  0%] Built target _face_detector_generate_messages_check_deps_FaceDetectorGoal
[  0%] Built target sensor_msgs_generate_messages_eus
[  0%] Built target std_msgs_generate_messages_nodejs
[35m[1mScanning dependencies of target sensor_msgs_generate_messages_cpp[0m
[35m[1mScanning dependencies of target actionlib_generate_messages_cpp[0m
[35m[1mScanning dependencies of target roscpp_generate_messages_nodejs[0m
[35m[1mScanning dependencies of target rosgraph_msgs_generate_messages_lisp[0m
[35m[1mScanning dependencies of target std_msgs_generate_messages_lisp[0m
[35m[1mScanning dependencies of target roscpp_generate_messages_cpp[0m
[35m[1mScanning dependencies of target sensor_msgs_generate_messages_nodejs[0m
[35m[1mScanning dependencies of target sensor_msgs_generate_messages_py[0m
[  0%] Built target sensor_msgs_generate_messages_cpp
[  0%] Built target roscpp_generate_messages_nodejs
[  0%] Built target actionlib_generate_messages_cpp
[  0%] Built target rosgraph_msgs_generate_messages_lisp
[  0%] Built target std_msgs_generate_messages_lisp
[  0%] Built target roscpp_generate_messages_cpp
[  0%] Built target sensor_msgs_generate_messages_nodejs
[  0%] Built target sensor_msgs_generate_messages_py
[35m[1mScanning dependencies of target std_msgs_generate_messages_cpp[0m
[35m[1mScanning dependencies of target geometry_msgs_generate_messages_nodejs[0m
[35m[1mScanning dependencies of target tf_generate_messages_py[0m
[35m[1mScanning dependencies of target actionlib_generate_messages_eus[0m
[35m[1mScanning dependencies of target std_srvs_generate_messages_nodejs[0m
[35m[1mScanning dependencies of target std_msgs_generate_messages_eus[0m
[35m[1mScanning dependencies of target rosgraph_msgs_generate_messages_nodejs[0m
[  0%] Built target std_msgs_generate_messages_cpp
[35m[1mScanning dependencies of target topic_tools_generate_messages_nodejs[0m
[  0%] Built target tf_generate_messages_py
[  0%] Built target geometry_msgs_generate_messages_nodejs
[  0%] Built target std_srvs_generate_messages_nodejs
[  0%] Built target actionlib_generate_messages_eus
[  0%] Built target std_msgs_generate_messages_eus
[  0%] Built target rosgraph_msgs_generate_messages_nodejs
[  0%] Built target topic_tools_generate_messages_nodejs
[35m[1mScanning dependencies of target std_srvs_generate_messages_cpp[0m
[35m[1mScanning dependencies of target roscpp_generate_messages_eus[0m
[35m[1mScanning dependencies of target rosgraph_msgs_generate_messages_eus[0m
[35m[1mScanning dependencies of target actionlib_msgs_generate_messages_eus[0m
[35m[1mScanning dependencies of target rosgraph_msgs_generate_messages_py[0m
[35m[1mScanning dependencies of target actionlib_msgs_generate_messages_py[0m
[35m[1mScanning dependencies of target actionlib_generate_messages_lisp[0m
[  0%] Built target std_srvs_generate_messages_cpp
[  0%] Built target rosgraph_msgs_generate_messages_eus
[  0%] Built target roscpp_generate_messages_eus
[35m[1mScanning dependencies of target geometry_msgs_generate_messages_cpp[0m
[  0%] Built target rosgraph_msgs_generate_messages_py
[  0%] Built target actionlib_msgs_generate_messages_eus
[  0%] Built target actionlib_msgs_generate_messages_py
[  0%] Built target actionlib_generate_messages_lisp
[35m[1mScanning dependencies of target geometry_msgs_generate_messages_lisp[0m
[35m[1mScanning dependencies of target stereo_msgs_generate_messages_lisp[0m
[35m[1mScanning dependencies of target geometry_msgs_generate_messages_py[0m
[  0%] Built target geometry_msgs_generate_messages_cpp
[35m[1mScanning dependencies of target people_msgs_generate_messages_cpp[0m
[35m[1mScanning dependencies of target people_msgs_generate_messages_eus[0m
[35m[1mScanning dependencies of target stereo_msgs_generate_messages_nodejs[0m
[35m[1mScanning dependencies of target people_msgs_generate_messages_nodejs[0m
[  0%] Built target geometry_msgs_generate_messages_lisp
[  0%] Built target geometry_msgs_generate_messages_py
[  0%] Built target stereo_msgs_generate_messages_lisp
[35m[1mScanning dependencies of target people_msgs_generate_messages_py[0m
[  0%] Built target people_msgs_generate_messages_cpp
[  0%] Built target people_msgs_generate_messages_eus
[  0%] Built target stereo_msgs_generate_messages_nodejs
[  0%] Built target people_msgs_generate_messages_nodejs
[35m[1mScanning dependencies of target _catkin_empty_exported_target[0m
[35m[1mScanning dependencies of target std_srvs_generate_messages_lisp[0m
[35m[1mScanning dependencies of target topic_tools_generate_messages_lisp[0m
[  0%] Built target people_msgs_generate_messages_py
[35m[1mScanning dependencies of target std_srvs_generate_messages_py[0m
[35m[1mScanning dependencies of target topic_tools_generate_messages_eus[0m
[35m[1mScanning dependencies of target topic_tools_generate_messages_py[0m
[35m[1mScanning dependencies of target actionlib_msgs_generate_messages_nodejs[0m
[  0%] Built target _catkin_empty_exported_target
[  0%] Built target topic_tools_generate_messages_lisp
[  0%] Built target std_srvs_generate_messages_lisp
[35m[1mScanning dependencies of target stereo_msgs_generate_messages_cpp[0m
[  0%] Built target std_srvs_generate_messages_py
[  0%] Built target topic_tools_generate_messages_eus
[  0%] Built target actionlib_msgs_generate_messages_nodejs
[  0%] Built target topic_tools_generate_messages_py
[35m[1mScanning dependencies of target stereo_msgs_generate_messages_eus[0m
[35m[1mScanning dependencies of target topic_tools_generate_messages_cpp[0m
[  0%] Built target stereo_msgs_generate_messages_cpp
[35m[1mScanning dependencies of target stereo_msgs_generate_messages_py[0m
[35m[1mScanning dependencies of target tf2_msgs_generate_messages_eus[0m
[35m[1mScanning dependencies of target actionlib_generate_messages_nodejs[0m
[35m[1mScanning dependencies of target tf_generate_messages_cpp[0m
[35m[1mScanning dependencies of target actionlib_msgs_generate_messages_cpp[0m
[  0%] Built target topic_tools_generate_messages_cpp
[  0%] Built target stereo_msgs_generate_messages_eus
[35m[1mScanning dependencies of target tf_generate_messages_eus[0m
[  0%] Built target stereo_msgs_generate_messages_py
[  0%] Built target tf2_msgs_generate_messages_eus
[  0%] Built target actionlib_generate_messages_nodejs
[  0%] Built target actionlib_msgs_generate_messages_cpp
[  0%] Built target tf_generate_messages_cpp
[35m[1mScanning dependencies of target tf_generate_messages_lisp[0m
[  0%] Built target tf_generate_messages_eus
[35m[1mScanning dependencies of target tf2_msgs_generate_messages_cpp[0m
[35m[1mScanning dependencies of target tf_generate_messages_nodejs[0m
[35m[1mScanning dependencies of target tf2_msgs_generate_messages_lisp[0m
[35m[1mScanning dependencies of target actionlib_generate_messages_py[0m
[35m[1mScanning dependencies of target tf2_msgs_generate_messages_py[0m
[35m[1mScanning dependencies of target tf2_msgs_generate_messages_nodejs[0m
[  0%] Built target tf_generate_messages_lisp
[  0%] Built target tf_generate_messages_nodejs
[35m[1mScanning dependencies of target face_detector_generate_messages_py[0m
[  0%] Built target tf2_msgs_generate_messages_cpp
[  0%] Built target tf2_msgs_generate_messages_lisp
[  0%] Built target actionlib_generate_messages_py
[  0%] Built target tf2_msgs_generate_messages_py
[  0%] Built target tf2_msgs_generate_messages_nodejs
[35m[1mScanning dependencies of target face_detector_generate_messages_eus[0m
[35m[1mScanning dependencies of target face_detector_generate_messages_nodejs[0m
[35m[1mScanning dependencies of target face_detector_generate_messages_cpp[0m
[  2%] [34m[1mGenerating Python from MSG face_detector/FaceDetectorFeedback[0m
[  5%] [34m[1mGenerating Python from MSG face_detector/FaceDetectorActionFeedback[0m
[  7%] [34m[1mGenerating Python from MSG face_detector/FaceDetectorGoal[0m
[35m[1mScanning dependencies of target sensor_msgs_generate_messages_lisp[0m
[35m[1mScanning dependencies of target face_detector_generate_messages_lisp[0m
[ 12%] [34m[1mGenerating C++ code from face_detector/FaceDetectorFeedback.msg[0m
[ 12%] [34m[1mGenerating EusLisp code from face_detector/FaceDetectorFeedback.msg[0m
[ 15%] [34m[1mGenerating Javascript code from face_detector/FaceDetectorFeedback.msg[0m
[ 15%] Built target sensor_msgs_generate_messages_lisp
[ 17%] [34m[1mGenerating Lisp code from face_detector/FaceDetectorFeedback.msg[0m
[ 20%] [34m[1mGenerating Lisp code from face_detector/FaceDetectorActionFeedback.msg[0m
[ 22%] [34m[1mGenerating Javascript code from face_detector/FaceDetectorGoal.msg[0m
[ 25%] [34m[1mGenerating Javascript code from face_detector/FaceDetectorActionFeedback.msg[0m
[ 27%] [34m[1mGenerating EusLisp code from face_detector/FaceDetectorActionFeedback.msg[0m
[ 30%] [34m[1mGenerating Lisp code from face_detector/FaceDetectorGoal.msg[0m
[ 32%] [34m[1mGenerating Lisp code from face_detector/FaceDetectorActionResult.msg[0m
[ 35%] [34m[1mGenerating Javascript code from face_detector/FaceDetectorActionResult.msg[0m
[ 37%] [34m[1mGenerating Javascript code from face_detector/FaceDetectorAction.msg[0m
[ 40%] [34m[1mGenerating C++ code from face_detector/FaceDetectorActionFeedback.msg[0m
[ 42%] [34m[1mGenerating EusLisp code from face_detector/FaceDetectorGoal.msg[0m
[ 45%] [34m[1mGenerating Python from MSG face_detector/FaceDetectorActionResult[0m
[ 47%] [34m[1mGenerating Python from MSG face_detector/FaceDetectorAction[0m
[ 50%] [34m[1mGenerating Python from MSG face_detector/FaceDetectorResult[0m
[ 52%] [34m[1mGenerating Lisp code from face_detector/FaceDetectorAction.msg[0m
[ 55%] [34m[1mGenerating Python from MSG face_detector/FaceDetectorActionGoal[0m
[ 57%] [34m[1mGenerating Javascript code from face_detector/FaceDetectorResult.msg[0m
[ 62%] [34m[1mGenerating EusLisp code from face_detector/FaceDetectorActionResult.msg[0m
[ 62%] [34m[1mGenerating Lisp code from face_detector/FaceDetectorResult.msg[0m
[ 65%] [34m[1mGenerating Javascript code from face_detector/FaceDetectorActionGoal.msg[0m
[ 67%] [34m[1mGenerating EusLisp code from face_detector/FaceDetectorAction.msg[0m
[ 70%] [34m[1mGenerating Lisp code from face_detector/FaceDetectorActionGoal.msg[0m
[ 72%] [34m[1mGenerating EusLisp code from face_detector/FaceDetectorResult.msg[0m
[ 75%] [34m[1mGenerating C++ code from face_detector/FaceDetectorGoal.msg[0m
[ 75%] Built target face_detector_generate_messages_nodejs
[ 77%] [34m[1mGenerating EusLisp code from face_detector/FaceDetectorActionGoal.msg[0m
[ 80%] [34m[1mGenerating C++ code from face_detector/FaceDetectorActionResult.msg[0m
[ 82%] [34m[1mGenerating EusLisp manifest code for face_detector[0m
[ 85%] [34m[1mGenerating Python msg __init__.py for face_detector[0m
[ 85%] Built target face_detector_generate_messages_lisp
[ 87%] [34m[1mGenerating C++ code from face_detector/FaceDetectorAction.msg[0m
[ 90%] [34m[1mGenerating C++ code from face_detector/FaceDetectorResult.msg[0m
[ 92%] [34m[1mGenerating C++ code from face_detector/FaceDetectorActionGoal.msg[0m
[ 92%] Built target face_detector_generate_messages_py
[ 92%] Built target face_detector_generate_messages_cpp
[ 92%] Built target face_detector_generate_messages_eus
[35m[1mScanning dependencies of target face_detector_generate_messages[0m
[35m[1mScanning dependencies of target face_detector[0m
[ 92%] Built target face_detector_generate_messages
[ 95%] [32mBuilding CXX object CMakeFiles/face_detector.dir/src/faces.cpp.o[0m
[ 97%] [32mBuilding CXX object CMakeFiles/face_detector.dir/src/face_detection.cpp.o[0m
[01m[K/home/lewis/tiago_openday_ws/src/people/face_detector/src/faces.cpp:[m[K In constructor ‘[01m[Kpeople::Faces::Faces()[m[K’:
[01m[K/home/lewis/tiago_openday_ws/src/people/face_detector/src/faces.cpp:54:18:[m[K [01;35m[Kwarning: [m[Kpassing NULL to non-pointer argument 1 of ‘[01m[Kstd::vector<_Tp, _Alloc>::vector(std::vector<_Tp, _Alloc>::size_type, const allocator_type&) [with _Tp = people::Face; _Alloc = std::allocator<people::Face>; std::vector<_Tp, _Alloc>::size_type = long unsigned int; std::vector<_Tp, _Alloc>::allocator_type = std::allocator<people::Face>][m[K’ [[01;35m[K-Wconversion-null[m[K]
   cam_model_(NULL[01;35m[K)[m[K
                  [01;35m[K^[m[K
[100%] [32m[1mLinking CXX executable /home/lewis/tiago_openday_ws/devel/.private/face_detector/lib/face_detector/face_detector[0m
[100%] Built target face_detector
